SLF4J: Class path contains multiple SLF4J bindings.
SLF4J: Found binding in [jar:file:/Users/akshatsinha/Documents/kafka/core/build/dependant-libs-2.13.6/slf4j-log4j12-1.7.30.jar!/org/slf4j/impl/StaticLoggerBinder.class]
SLF4J: Found binding in [jar:file:/Users/akshatsinha/Documents/kafka/tools/build/dependant-libs-2.13.6/slf4j-log4j12-1.7.30.jar!/org/slf4j/impl/StaticLoggerBinder.class]
SLF4J: Found binding in [jar:file:/Users/akshatsinha/Documents/kafka/trogdor/build/dependant-libs-2.13.6/slf4j-log4j12-1.7.30.jar!/org/slf4j/impl/StaticLoggerBinder.class]
SLF4J: Found binding in [jar:file:/Users/akshatsinha/Documents/kafka/connect/api/build/dependant-libs/slf4j-log4j12-1.7.30.jar!/org/slf4j/impl/StaticLoggerBinder.class]
SLF4J: Found binding in [jar:file:/Users/akshatsinha/Documents/kafka/connect/transforms/build/dependant-libs/slf4j-log4j12-1.7.30.jar!/org/slf4j/impl/StaticLoggerBinder.class]
SLF4J: Found binding in [jar:file:/Users/akshatsinha/Documents/kafka/connect/runtime/build/dependant-libs/slf4j-log4j12-1.7.30.jar!/org/slf4j/impl/StaticLoggerBinder.class]
SLF4J: Found binding in [jar:file:/Users/akshatsinha/Documents/kafka/connect/file/build/dependant-libs/slf4j-log4j12-1.7.30.jar!/org/slf4j/impl/StaticLoggerBinder.class]
SLF4J: Found binding in [jar:file:/Users/akshatsinha/Documents/kafka/connect/mirror/build/dependant-libs/slf4j-log4j12-1.7.30.jar!/org/slf4j/impl/StaticLoggerBinder.class]
SLF4J: Found binding in [jar:file:/Users/akshatsinha/Documents/kafka/connect/mirror-client/build/dependant-libs/slf4j-log4j12-1.7.30.jar!/org/slf4j/impl/StaticLoggerBinder.class]
SLF4J: Found binding in [jar:file:/Users/akshatsinha/Documents/kafka/connect/json/build/dependant-libs/slf4j-log4j12-1.7.30.jar!/org/slf4j/impl/StaticLoggerBinder.class]
SLF4J: Found binding in [jar:file:/Users/akshatsinha/Documents/kafka/connect/basic-auth-extension/build/dependant-libs/slf4j-log4j12-1.7.30.jar!/org/slf4j/impl/StaticLoggerBinder.class]
SLF4J: See http://www.slf4j.org/codes.html#multiple_bindings for an explanation.
SLF4J: Actual binding is of type [org.slf4j.impl.Log4jLoggerFactory]
[2022-04-18 23:59:03,938] INFO Registered kafka:type=kafka.Log4jController MBean (kafka.utils.Log4jControllerRegistration$)
[2022-04-18 23:59:04,008] INFO ProducerConfig values: 
	acks = 1
	batch.size = 16384
	bootstrap.servers = [localhost:9092]
	buffer.memory = 33554432
	client.dns.lookup = use_all_dns_ips
	client.id = console-producer
	compression.type = none
	connections.max.idle.ms = 540000
	delivery.timeout.ms = 120000
	enable.idempotence = true
	interceptor.classes = []
	key.serializer = class org.apache.kafka.common.serialization.ByteArraySerializer
	linger.ms = 1000
	max.block.ms = 60000
	max.in.flight.requests.per.connection = 5
	max.request.size = 1048576
	metadata.max.age.ms = 300000
	metadata.max.idle.ms = 300000
	metric.reporters = []
	metrics.num.samples = 2
	metrics.recording.level = INFO
	metrics.sample.window.ms = 30000
	partitioner.class = class org.apache.kafka.clients.producer.internals.DefaultPartitioner
	receive.buffer.bytes = 32768
	reconnect.backoff.max.ms = 1000
	reconnect.backoff.ms = 50
	request.timeout.ms = 1500
	retries = 3
	retry.backoff.ms = 100
	sasl.client.callback.handler.class = null
	sasl.jaas.config = null
	sasl.kerberos.kinit.cmd = /usr/bin/kinit
	sasl.kerberos.min.time.before.relogin = 60000
	sasl.kerberos.service.name = null
	sasl.kerberos.ticket.renew.jitter = 0.05
	sasl.kerberos.ticket.renew.window.factor = 0.8
	sasl.login.callback.handler.class = null
	sasl.login.class = null
	sasl.login.connect.timeout.ms = null
	sasl.login.read.timeout.ms = null
	sasl.login.refresh.buffer.seconds = 300
	sasl.login.refresh.min.period.seconds = 60
	sasl.login.refresh.window.factor = 0.8
	sasl.login.refresh.window.jitter = 0.05
	sasl.login.retry.backoff.max.ms = 10000
	sasl.login.retry.backoff.ms = 100
	sasl.mechanism = GSSAPI
	sasl.oauthbearer.clock.skew.seconds = 30
	sasl.oauthbearer.expected.audience = null
	sasl.oauthbearer.expected.issuer = null
	sasl.oauthbearer.jwks.endpoint.refresh.ms = 3600000
	sasl.oauthbearer.jwks.endpoint.retry.backoff.max.ms = 10000
	sasl.oauthbearer.jwks.endpoint.retry.backoff.ms = 100
	sasl.oauthbearer.jwks.endpoint.url = null
	sasl.oauthbearer.scope.claim.name = scope
	sasl.oauthbearer.sub.claim.name = sub
	sasl.oauthbearer.token.endpoint.url = null
	security.protocol = PLAINTEXT
	security.providers = null
	send.buffer.bytes = 102400
	socket.connection.setup.timeout.max.ms = 3000000
	socket.connection.setup.timeout.ms = 1000000
	ssl.cipher.suites = null
	ssl.enabled.protocols = [TLSv1.2, TLSv1.3]
	ssl.endpoint.identification.algorithm = https
	ssl.engine.factory.class = null
	ssl.key.password = null
	ssl.keymanager.algorithm = SunX509
	ssl.keystore.certificate.chain = null
	ssl.keystore.key = null
	ssl.keystore.location = null
	ssl.keystore.password = null
	ssl.keystore.type = JKS
	ssl.protocol = TLSv1.3
	ssl.provider = null
	ssl.secure.random.implementation = null
	ssl.trustmanager.algorithm = PKIX
	ssl.truststore.certificates = null
	ssl.truststore.location = null
	ssl.truststore.password = null
	ssl.truststore.type = JKS
	transaction.timeout.ms = 60000
	transactional.id = null
	value.serializer = class org.apache.kafka.common.serialization.ByteArraySerializer
 (org.apache.kafka.clients.producer.ProducerConfig)
[2022-04-18 23:59:04,042] INFO [Producer clientId=console-producer] Instantiated an idempotent producer. (org.apache.kafka.clients.producer.KafkaProducer)
[2022-04-18 23:59:04,106] WARN The configuration 'sleep.timer' was supplied but isn't a known config. (org.apache.kafka.clients.producer.ProducerConfig)
[2022-04-18 23:59:04,115] INFO Kafka version: 3.2.0-SNAPSHOT (org.apache.kafka.common.utils.AppInfoParser)
[2022-04-18 23:59:04,115] INFO Kafka commitId: e7e93ad12de4bc47 (org.apache.kafka.common.utils.AppInfoParser)
[2022-04-18 23:59:04,115] INFO Kafka startTimeMs: 1650344344106 (org.apache.kafka.common.utils.AppInfoParser)
[2022-04-18 23:59:04,232] INFO [Producer clientId=console-producer] initiate() for node: -1 (org.apache.kafka.clients.ProducerNetworkClient)
[2022-04-18 23:59:04,233] INFO [Producer clientId=console-producer] Initiating connection to node localhost:9092 (id: -1 rack: null) using address localhost/127.0.0.1 (org.apache.kafka.clients.ProducerNetworkClient)
[2022-04-18 23:59:04,246] INFO [Producer clientId=console-producer] Initiating API versions fetch from node -1. (org.apache.kafka.clients.ProducerNetworkClient)
[2022-04-18 23:59:04,262] INFO [Producer clientId=console-producer] checking isReady: localhost:9092 (id: -1 rack: null) (org.apache.kafka.clients.ProducerNetworkClient)
[2022-04-18 23:59:04,262] INFO [Producer clientId=console-producer] checking isReady: localhost:9092 (id: -1 rack: null) (org.apache.kafka.clients.ProducerNetworkClient)
[2022-04-18 23:59:04,262] INFO [Producer clientId=console-producer] checking isReady: localhost:9092 (id: -1 rack: null) (org.apache.kafka.clients.ProducerNetworkClient)
[2022-04-18 23:59:04,268] INFO [Producer clientId=console-producer] checking isReady: localhost:9092 (id: -1 rack: null) (org.apache.kafka.clients.ProducerNetworkClient)
[2022-04-18 23:59:04,355] INFO [Producer clientId=console-producer] checking isReady: localhost:9092 (id: -1 rack: null) (org.apache.kafka.clients.ProducerNetworkClient)
[2022-04-18 23:59:04,356] INFO [Producer clientId=console-producer] Sending metadata request MetadataRequestData(topics=[MetadataRequestTopic(topicId=AAAAAAAAAAAAAAAAAAAAAA, name='test3')], allowAutoTopicCreation=true, includeClusterAuthorizedOperations=false, includeTopicAuthorizedOperations=false) to node localhost:9092 (id: -1 rack: null) (org.apache.kafka.clients.ProducerNetworkClient)
[2022-04-18 23:59:04,359] INFO [Producer clientId=console-producer] checking isReady: localhost:9092 (id: -1 rack: null) (org.apache.kafka.clients.ProducerNetworkClient)
[2022-04-18 23:59:04,359] INFO [Producer clientId=console-producer] checking isReady: localhost:9092 (id: -1 rack: null) (org.apache.kafka.clients.ProducerNetworkClient)
[2022-04-18 23:59:04,389] INFO [Producer clientId=console-producer] Cluster ID: evXUbYUJRICOjDNSXSDPzg (org.apache.kafka.clients.Metadata)
[2022-04-18 23:59:04,437] INFO [Producer clientId=console-producer] ProducerId set to 0 with epoch 0 (org.apache.kafka.clients.producer.internals.TransactionManager)
[2022-04-18 23:59:04,589] INFO [Producer clientId=console-producer] checking isReady: localhost:9093 (id: 1 rack: null) (org.apache.kafka.clients.ProducerNetworkClient)
[2022-04-18 23:59:04,589] INFO [Producer clientId=console-producer] initiate() for node: 1 (org.apache.kafka.clients.ProducerNetworkClient)
[2022-04-18 23:59:04,589] INFO [Producer clientId=console-producer] Initiating connection to node localhost:9093 (id: 1 rack: null) using address localhost/127.0.0.1 (org.apache.kafka.clients.ProducerNetworkClient)
[2022-04-18 23:59:04,594] INFO [Producer clientId=console-producer] Initiating API versions fetch from node 1. (org.apache.kafka.clients.ProducerNetworkClient)
[2022-04-18 23:59:04,595] INFO [Producer clientId=console-producer] checking isReady: localhost:9093 (id: 1 rack: null) (org.apache.kafka.clients.ProducerNetworkClient)
[2022-04-18 23:59:04,595] INFO [Producer clientId=console-producer] checking isReady: localhost:9093 (id: 1 rack: null) (org.apache.kafka.clients.ProducerNetworkClient)
[2022-04-18 23:59:04,600] INFO [Producer clientId=console-producer] checking isReady: localhost:9093 (id: 1 rack: null) (org.apache.kafka.clients.ProducerNetworkClient)
[2022-04-18 23:59:04,615] INFO [Producer clientId=console-producer] checking isReady: localhost:9093 (id: 1 rack: null) (org.apache.kafka.clients.ProducerNetworkClient)
[2022-04-18 23:59:04,626] ERROR [Producer clientId=console-producer] Uncaught error in kafka producer I/O thread:  (org.apache.kafka.clients.producer.internals.Sender)
java.lang.IllegalStateException: Attempt to send a request to node 0 which is not ready.isReady: false isChannelReady: false canSendMore: true iFR count: 0 iFR null: true 
	at org.apache.kafka.clients.ProducerNetworkClient.doSend(ProducerNetworkClient.java:470)
	at org.apache.kafka.clients.ProducerNetworkClient.send(ProducerNetworkClient.java:443)
	at org.apache.kafka.clients.producer.internals.Sender.sendRecords(Sender.java:937)
	at org.apache.kafka.clients.producer.internals.Sender.sendProduceRequests(Sender.java:884)
	at org.apache.kafka.clients.producer.internals.Sender.sendProducerData(Sender.java:445)
	at org.apache.kafka.clients.producer.internals.Sender.runOnce(Sender.java:361)
	at org.apache.kafka.clients.producer.internals.Sender.run(Sender.java:277)
	at java.base/java.lang.Thread.run(Thread.java:833)
[2022-04-18 23:59:04,775] INFO [Producer clientId=console-producer] checking isReady: localhost:9093 (id: 1 rack: null) (org.apache.kafka.clients.ProducerNetworkClient)
[2022-04-18 23:59:04,776] ERROR [Producer clientId=console-producer] Uncaught error in kafka producer I/O thread:  (org.apache.kafka.clients.producer.internals.Sender)
java.lang.IllegalStateException: Attempt to send a request to node 0 which is not ready.isReady: false isChannelReady: false canSendMore: true iFR count: 0 iFR null: true 
	at org.apache.kafka.clients.ProducerNetworkClient.doSend(ProducerNetworkClient.java:470)
	at org.apache.kafka.clients.ProducerNetworkClient.send(ProducerNetworkClient.java:443)
	at org.apache.kafka.clients.producer.internals.Sender.sendRecords(Sender.java:937)
	at org.apache.kafka.clients.producer.internals.Sender.sendProduceRequests(Sender.java:884)
	at org.apache.kafka.clients.producer.internals.Sender.sendProducerData(Sender.java:445)
	at org.apache.kafka.clients.producer.internals.Sender.runOnce(Sender.java:361)
	at org.apache.kafka.clients.producer.internals.Sender.run(Sender.java:277)
	at java.base/java.lang.Thread.run(Thread.java:833)
[2022-04-18 23:59:04,954] INFO [Producer clientId=console-producer] checking isReady: localhost:9093 (id: 1 rack: null) (org.apache.kafka.clients.ProducerNetworkClient)
[2022-04-18 23:59:04,955] ERROR [Producer clientId=console-producer] Uncaught error in kafka producer I/O thread:  (org.apache.kafka.clients.producer.internals.Sender)
java.lang.IllegalStateException: Attempt to send a request to node 0 which is not ready.isReady: false isChannelReady: false canSendMore: true iFR count: 0 iFR null: true 
	at org.apache.kafka.clients.ProducerNetworkClient.doSend(ProducerNetworkClient.java:470)
	at org.apache.kafka.clients.ProducerNetworkClient.send(ProducerNetworkClient.java:443)
	at org.apache.kafka.clients.producer.internals.Sender.sendRecords(Sender.java:937)
	at org.apache.kafka.clients.producer.internals.Sender.sendProduceRequests(Sender.java:884)
	at org.apache.kafka.clients.producer.internals.Sender.sendProducerData(Sender.java:445)
	at org.apache.kafka.clients.producer.internals.Sender.runOnce(Sender.java:361)
	at org.apache.kafka.clients.producer.internals.Sender.run(Sender.java:277)
	at java.base/java.lang.Thread.run(Thread.java:833)
[2022-04-18 23:59:05,141] INFO [Producer clientId=console-producer] checking isReady: localhost:9093 (id: 1 rack: null) (org.apache.kafka.clients.ProducerNetworkClient)
[2022-04-18 23:59:05,142] ERROR [Producer clientId=console-producer] Uncaught error in kafka producer I/O thread:  (org.apache.kafka.clients.producer.internals.Sender)
java.lang.IllegalStateException: Attempt to send a request to node 0 which is not ready.isReady: false isChannelReady: false canSendMore: true iFR count: 0 iFR null: true 
	at org.apache.kafka.clients.ProducerNetworkClient.doSend(ProducerNetworkClient.java:470)
	at org.apache.kafka.clients.ProducerNetworkClient.send(ProducerNetworkClient.java:443)
	at org.apache.kafka.clients.producer.internals.Sender.sendRecords(Sender.java:937)
	at org.apache.kafka.clients.producer.internals.Sender.sendProduceRequests(Sender.java:884)
	at org.apache.kafka.clients.producer.internals.Sender.sendProducerData(Sender.java:445)
	at org.apache.kafka.clients.producer.internals.Sender.runOnce(Sender.java:361)
	at org.apache.kafka.clients.producer.internals.Sender.run(Sender.java:277)
	at java.base/java.lang.Thread.run(Thread.java:833)
[2022-04-18 23:59:05,330] INFO [Producer clientId=console-producer] checking isReady: localhost:9093 (id: 1 rack: null) (org.apache.kafka.clients.ProducerNetworkClient)
[2022-04-18 23:59:05,330] ERROR [Producer clientId=console-producer] Uncaught error in kafka producer I/O thread:  (org.apache.kafka.clients.producer.internals.Sender)
java.lang.IllegalStateException: Attempt to send a request to node 0 which is not ready.isReady: false isChannelReady: false canSendMore: true iFR count: 0 iFR null: true 
	at org.apache.kafka.clients.ProducerNetworkClient.doSend(ProducerNetworkClient.java:470)
	at org.apache.kafka.clients.ProducerNetworkClient.send(ProducerNetworkClient.java:443)
	at org.apache.kafka.clients.producer.internals.Sender.sendRecords(Sender.java:937)
	at org.apache.kafka.clients.producer.internals.Sender.sendProduceRequests(Sender.java:884)
	at org.apache.kafka.clients.producer.internals.Sender.sendProducerData(Sender.java:445)
	at org.apache.kafka.clients.producer.internals.Sender.runOnce(Sender.java:361)
	at org.apache.kafka.clients.producer.internals.Sender.run(Sender.java:277)
	at java.base/java.lang.Thread.run(Thread.java:833)
[2022-04-18 23:59:05,509] INFO [Producer clientId=console-producer] checking isReady: localhost:9093 (id: 1 rack: null) (org.apache.kafka.clients.ProducerNetworkClient)
[2022-04-18 23:59:05,511] ERROR [Producer clientId=console-producer] Uncaught error in kafka producer I/O thread:  (org.apache.kafka.clients.producer.internals.Sender)
java.lang.IllegalStateException: Attempt to send a request to node 0 which is not ready.isReady: false isChannelReady: false canSendMore: true iFR count: 0 iFR null: true 
	at org.apache.kafka.clients.ProducerNetworkClient.doSend(ProducerNetworkClient.java:470)
	at org.apache.kafka.clients.ProducerNetworkClient.send(ProducerNetworkClient.java:443)
	at org.apache.kafka.clients.producer.internals.Sender.sendRecords(Sender.java:937)
	at org.apache.kafka.clients.producer.internals.Sender.sendProduceRequests(Sender.java:884)
	at org.apache.kafka.clients.producer.internals.Sender.sendProducerData(Sender.java:445)
	at org.apache.kafka.clients.producer.internals.Sender.runOnce(Sender.java:361)
	at org.apache.kafka.clients.producer.internals.Sender.run(Sender.java:277)
	at java.base/java.lang.Thread.run(Thread.java:833)
[2022-04-18 23:59:05,695] INFO [Producer clientId=console-producer] checking isReady: localhost:9093 (id: 1 rack: null) (org.apache.kafka.clients.ProducerNetworkClient)
[2022-04-18 23:59:05,696] ERROR [Producer clientId=console-producer] Uncaught error in kafka producer I/O thread:  (org.apache.kafka.clients.producer.internals.Sender)
java.lang.IllegalStateException: Attempt to send a request to node 0 which is not ready.isReady: false isChannelReady: false canSendMore: true iFR count: 0 iFR null: true 
	at org.apache.kafka.clients.ProducerNetworkClient.doSend(ProducerNetworkClient.java:470)
	at org.apache.kafka.clients.ProducerNetworkClient.send(ProducerNetworkClient.java:443)
	at org.apache.kafka.clients.producer.internals.Sender.sendRecords(Sender.java:937)
	at org.apache.kafka.clients.producer.internals.Sender.sendProduceRequests(Sender.java:884)
	at org.apache.kafka.clients.producer.internals.Sender.sendProducerData(Sender.java:445)
	at org.apache.kafka.clients.producer.internals.Sender.runOnce(Sender.java:361)
	at org.apache.kafka.clients.producer.internals.Sender.run(Sender.java:277)
	at java.base/java.lang.Thread.run(Thread.java:833)
[2022-04-18 23:59:05,881] INFO [Producer clientId=console-producer] checking isReady: localhost:9093 (id: 1 rack: null) (org.apache.kafka.clients.ProducerNetworkClient)
[2022-04-18 23:59:05,881] ERROR [Producer clientId=console-producer] Uncaught error in kafka producer I/O thread:  (org.apache.kafka.clients.producer.internals.Sender)
java.lang.IllegalStateException: Attempt to send a request to node 0 which is not ready.isReady: false isChannelReady: false canSendMore: true iFR count: 0 iFR null: true 
	at org.apache.kafka.clients.ProducerNetworkClient.doSend(ProducerNetworkClient.java:470)
	at org.apache.kafka.clients.ProducerNetworkClient.send(ProducerNetworkClient.java:443)
	at org.apache.kafka.clients.producer.internals.Sender.sendRecords(Sender.java:937)
	at org.apache.kafka.clients.producer.internals.Sender.sendProduceRequests(Sender.java:884)
	at org.apache.kafka.clients.producer.internals.Sender.sendProducerData(Sender.java:445)
	at org.apache.kafka.clients.producer.internals.Sender.runOnce(Sender.java:361)
	at org.apache.kafka.clients.producer.internals.Sender.run(Sender.java:277)
	at java.base/java.lang.Thread.run(Thread.java:833)
[2022-04-18 23:59:06,060] INFO [Producer clientId=console-producer] checking isReady: localhost:9093 (id: 1 rack: null) (org.apache.kafka.clients.ProducerNetworkClient)
[2022-04-18 23:59:06,061] ERROR [Producer clientId=console-producer] Uncaught error in kafka producer I/O thread:  (org.apache.kafka.clients.producer.internals.Sender)
java.lang.IllegalStateException: Attempt to send a request to node 0 which is not ready.isReady: false isChannelReady: false canSendMore: true iFR count: 0 iFR null: true 
	at org.apache.kafka.clients.ProducerNetworkClient.doSend(ProducerNetworkClient.java:470)
	at org.apache.kafka.clients.ProducerNetworkClient.send(ProducerNetworkClient.java:443)
	at org.apache.kafka.clients.producer.internals.Sender.sendRecords(Sender.java:937)
	at org.apache.kafka.clients.producer.internals.Sender.sendProduceRequests(Sender.java:884)
	at org.apache.kafka.clients.producer.internals.Sender.sendProducerData(Sender.java:445)
	at org.apache.kafka.clients.producer.internals.Sender.runOnce(Sender.java:361)
	at org.apache.kafka.clients.producer.internals.Sender.run(Sender.java:277)
	at java.base/java.lang.Thread.run(Thread.java:833)
[2022-04-18 23:59:06,244] INFO [Producer clientId=console-producer] checking isReady: localhost:9093 (id: 1 rack: null) (org.apache.kafka.clients.ProducerNetworkClient)
[2022-04-18 23:59:06,244] ERROR [Producer clientId=console-producer] Uncaught error in kafka producer I/O thread:  (org.apache.kafka.clients.producer.internals.Sender)
java.lang.IllegalStateException: Attempt to send a request to node 0 which is not ready.isReady: false isChannelReady: false canSendMore: true iFR count: 0 iFR null: true 
	at org.apache.kafka.clients.ProducerNetworkClient.doSend(ProducerNetworkClient.java:470)
	at org.apache.kafka.clients.ProducerNetworkClient.send(ProducerNetworkClient.java:443)
	at org.apache.kafka.clients.producer.internals.Sender.sendRecords(Sender.java:937)
	at org.apache.kafka.clients.producer.internals.Sender.sendProduceRequests(Sender.java:884)
	at org.apache.kafka.clients.producer.internals.Sender.sendProducerData(Sender.java:445)
	at org.apache.kafka.clients.producer.internals.Sender.runOnce(Sender.java:361)
	at org.apache.kafka.clients.producer.internals.Sender.run(Sender.java:277)
	at java.base/java.lang.Thread.run(Thread.java:833)
