SLF4J: Class path contains multiple SLF4J bindings.
SLF4J: Found binding in [jar:file:/Users/akshatsinha/Documents/kafka/core/build/dependant-libs-2.13.6/slf4j-log4j12-1.7.30.jar!/org/slf4j/impl/StaticLoggerBinder.class]
SLF4J: Found binding in [jar:file:/Users/akshatsinha/Documents/kafka/tools/build/dependant-libs-2.13.6/slf4j-log4j12-1.7.30.jar!/org/slf4j/impl/StaticLoggerBinder.class]
SLF4J: Found binding in [jar:file:/Users/akshatsinha/Documents/kafka/trogdor/build/dependant-libs-2.13.6/slf4j-log4j12-1.7.30.jar!/org/slf4j/impl/StaticLoggerBinder.class]
SLF4J: Found binding in [jar:file:/Users/akshatsinha/Documents/kafka/connect/api/build/dependant-libs/slf4j-log4j12-1.7.30.jar!/org/slf4j/impl/StaticLoggerBinder.class]
SLF4J: Found binding in [jar:file:/Users/akshatsinha/Documents/kafka/connect/transforms/build/dependant-libs/slf4j-log4j12-1.7.30.jar!/org/slf4j/impl/StaticLoggerBinder.class]
SLF4J: Found binding in [jar:file:/Users/akshatsinha/Documents/kafka/connect/runtime/build/dependant-libs/slf4j-log4j12-1.7.30.jar!/org/slf4j/impl/StaticLoggerBinder.class]
SLF4J: Found binding in [jar:file:/Users/akshatsinha/Documents/kafka/connect/file/build/dependant-libs/slf4j-log4j12-1.7.30.jar!/org/slf4j/impl/StaticLoggerBinder.class]
SLF4J: Found binding in [jar:file:/Users/akshatsinha/Documents/kafka/connect/mirror/build/dependant-libs/slf4j-log4j12-1.7.30.jar!/org/slf4j/impl/StaticLoggerBinder.class]
SLF4J: Found binding in [jar:file:/Users/akshatsinha/Documents/kafka/connect/mirror-client/build/dependant-libs/slf4j-log4j12-1.7.30.jar!/org/slf4j/impl/StaticLoggerBinder.class]
SLF4J: Found binding in [jar:file:/Users/akshatsinha/Documents/kafka/connect/json/build/dependant-libs/slf4j-log4j12-1.7.30.jar!/org/slf4j/impl/StaticLoggerBinder.class]
SLF4J: Found binding in [jar:file:/Users/akshatsinha/Documents/kafka/connect/basic-auth-extension/build/dependant-libs/slf4j-log4j12-1.7.30.jar!/org/slf4j/impl/StaticLoggerBinder.class]
SLF4J: See http://www.slf4j.org/codes.html#multiple_bindings for an explanation.
SLF4J: Actual binding is of type [org.slf4j.impl.Log4jLoggerFactory]
[2022-04-18 10:23:51,571] INFO Registered kafka:type=kafka.Log4jController MBean (kafka.utils.Log4jControllerRegistration$)
[2022-04-18 10:23:51,812] INFO Setting -D jdk.tls.rejectClientInitiatedRenegotiation=true to disable client-initiated TLS renegotiation (org.apache.zookeeper.common.X509Util)
[2022-04-18 10:23:51,923] INFO Registered signal handlers for TERM, INT, HUP (org.apache.kafka.common.utils.LoggingSignalHandler)
[2022-04-18 10:23:51,928] INFO starting (kafka.server.KafkaServer)
[2022-04-18 10:23:51,929] INFO Connecting to zookeeper on localhost:2181 (kafka.server.KafkaServer)
[2022-04-18 10:23:51,943] INFO [ZooKeeperClient Kafka server] Initializing a new session to localhost:2181. (kafka.zookeeper.ZooKeeperClient)
[2022-04-18 10:23:51,946] INFO Client environment:zookeeper.version=3.6.3--6401e4ad2087061bc6b9f80dec2d69f2e3c8660a, built on 04/08/2021 16:35 GMT (org.apache.zookeeper.ZooKeeper)
[2022-04-18 10:23:51,946] INFO Client environment:host.name=localhost (org.apache.zookeeper.ZooKeeper)
[2022-04-18 10:23:51,946] INFO Client environment:java.version=17.0.1 (org.apache.zookeeper.ZooKeeper)
[2022-04-18 10:23:51,947] INFO Client environment:java.vendor=Eclipse Adoptium (org.apache.zookeeper.ZooKeeper)
[2022-04-18 10:23:51,947] INFO Client environment:java.home=/Library/Java/JavaVirtualMachines/temurin-17.jdk/Contents/Home (org.apache.zookeeper.ZooKeeper)
[2022-04-18 10:23:51,947] INFO Client environment:java.class.path=/Users/akshatsinha/Documents/kafka/bin/../core/build/dependant-libs-2.13.6/jopt-simple-5.0.4.jar:/Users/akshatsinha/Documents/kafka/bin/../core/build/dependant-libs-2.13.6/jackson-dataformat-csv-2.12.3.jar:/Users/akshatsinha/Documents/kafka/bin/../core/build/dependant-libs-2.13.6/snappy-java-1.1.8.4.jar:/Users/akshatsinha/Documents/kafka/bin/../core/build/dependant-libs-2.13.6/slf4j-log4j12-1.7.30.jar:/Users/akshatsinha/Documents/kafka/bin/../core/build/dependant-libs-2.13.6/netty-common-4.1.68.Final.jar:/Users/akshatsinha/Documents/kafka/bin/../core/build/dependant-libs-2.13.6/lz4-java-1.8.0.jar:/Users/akshatsinha/Documents/kafka/bin/../core/build/dependant-libs-2.13.6/kafka-raft-3.2.0-SNAPSHOT.jar:/Users/akshatsinha/Documents/kafka/bin/../core/build/dependant-libs-2.13.6/argparse4j-0.7.0.jar:/Users/akshatsinha/Documents/kafka/bin/../core/build/dependant-libs-2.13.6/jackson-core-2.12.3.jar:/Users/akshatsinha/Documents/kafka/bin/../core/build/dependant-libs-2.13.6/netty-transport-4.1.68.Final.jar:/Users/akshatsinha/Documents/kafka/bin/../core/build/dependant-libs-2.13.6/slf4j-api-1.7.30.jar:/Users/akshatsinha/Documents/kafka/bin/../core/build/dependant-libs-2.13.6/scala-logging_2.13-3.9.3.jar:/Users/akshatsinha/Documents/kafka/bin/../core/build/dependant-libs-2.13.6/netty-codec-4.1.68.Final.jar:/Users/akshatsinha/Documents/kafka/bin/../core/build/dependant-libs-2.13.6/scala-collection-compat_2.13-2.4.4.jar:/Users/akshatsinha/Documents/kafka/bin/../core/build/dependant-libs-2.13.6/zstd-jni-1.5.0-4.jar:/Users/akshatsinha/Documents/kafka/bin/../core/build/dependant-libs-2.13.6/jackson-module-scala_2.13-2.12.3.jar:/Users/akshatsinha/Documents/kafka/bin/../core/build/dependant-libs-2.13.6/log4j-1.2.17.jar:/Users/akshatsinha/Documents/kafka/bin/../core/build/dependant-libs-2.13.6/kafka-server-common-3.2.0-SNAPSHOT.jar:/Users/akshatsinha/Documents/kafka/bin/../core/build/dependant-libs-2.13.6/scala-reflect-2.13.6.jar:/Users/akshatsinha/Documents/kafka/bin/../core/build/dependant-libs-2.13.6/commons-cli-1.4.jar:/Users/akshatsinha/Documents/kafka/bin/../core/build/dependant-libs-2.13.6/paranamer-2.8.jar:/Users/akshatsinha/Documents/kafka/bin/../core/build/dependant-libs-2.13.6/scala-library-2.13.6.jar:/Users/akshatsinha/Documents/kafka/bin/../core/build/dependant-libs-2.13.6/metrics-core-2.2.0.jar:/Users/akshatsinha/Documents/kafka/bin/../core/build/dependant-libs-2.13.6/zookeeper-3.6.3.jar:/Users/akshatsinha/Documents/kafka/bin/../core/build/dependant-libs-2.13.6/metrics-core-4.1.12.1.jar:/Users/akshatsinha/Documents/kafka/bin/../core/build/dependant-libs-2.13.6/audience-annotations-0.5.0.jar:/Users/akshatsinha/Documents/kafka/bin/../core/build/dependant-libs-2.13.6/jackson-datatype-jdk8-2.12.3.jar:/Users/akshatsinha/Documents/kafka/bin/../core/build/dependant-libs-2.13.6/netty-buffer-4.1.68.Final.jar:/Users/akshatsinha/Documents/kafka/bin/../core/build/dependant-libs-2.13.6/scala-java8-compat_2.13-1.0.0.jar:/Users/akshatsinha/Documents/kafka/bin/../core/build/dependant-libs-2.13.6/jose4j-0.7.8.jar:/Users/akshatsinha/Documents/kafka/bin/../core/build/dependant-libs-2.13.6/kafka-metadata-3.2.0-SNAPSHOT.jar:/Users/akshatsinha/Documents/kafka/bin/../core/build/dependant-libs-2.13.6/netty-transport-native-unix-common-4.1.68.Final.jar:/Users/akshatsinha/Documents/kafka/bin/../core/build/dependant-libs-2.13.6/netty-transport-native-epoll-4.1.68.Final.jar:/Users/akshatsinha/Documents/kafka/bin/../core/build/dependant-libs-2.13.6/kafka-storage-api-3.2.0-SNAPSHOT.jar:/Users/akshatsinha/Documents/kafka/bin/../core/build/dependant-libs-2.13.6/netty-handler-4.1.68.Final.jar:/Users/akshatsinha/Documents/kafka/bin/../core/build/dependant-libs-2.13.6/netty-resolver-4.1.68.Final.jar:/Users/akshatsinha/Documents/kafka/bin/../core/build/dependant-libs-2.13.6/jackson-annotations-2.12.3.jar:/Users/akshatsinha/Documents/kafka/bin/../core/build/dependant-libs-2.13.6/jackson-databind-2.12.3.jar:/Users/akshatsinha/Documents/kafka/bin/../core/build/dependant-libs-2.13.6/kafka-storage-3.2.0-SNAPSHOT.jar:/Users/akshatsinha/Documents/kafka/bin/../core/build/dependant-libs-2.13.6/zookeeper-jute-3.6.3.jar:/Users/akshatsinha/Documents/kafka/bin/../examples/build/libs/kafka-examples-3.2.0-SNAPSHOT.jar:/Users/akshatsinha/Documents/kafka/bin/../clients/build/libs/kafka-clients-3.2.0-SNAPSHOT.jar:/Users/akshatsinha/Documents/kafka/bin/../streams/build/libs/kafka-streams-3.2.0-SNAPSHOT.jar:/Users/akshatsinha/Documents/kafka/bin/../streams/examples/build/libs/kafka-streams-examples-3.2.0-SNAPSHOT.jar:/Users/akshatsinha/Documents/kafka/bin/../streams/build/dependant-libs-2.13.6/rocksdbjni-6.22.1.1.jar:/Users/akshatsinha/Documents/kafka/bin/../shell/build/libs/kafka-shell-3.2.0-SNAPSHOT.jar:/Users/akshatsinha/Documents/kafka/bin/../shell/build/dependant-libs-2.13.6/jline-3.12.1.jar:/Users/akshatsinha/Documents/kafka/bin/../tools/build/libs/kafka-tools-3.2.0-SNAPSHOT.jar:/Users/akshatsinha/Documents/kafka/bin/../tools/build/dependant-libs-2.13.6/jakarta.xml.bind-api-2.3.2.jar:/Users/akshatsinha/Documents/kafka/bin/../tools/build/dependant-libs-2.13.6/snappy-java-1.1.8.4.jar:/Users/akshatsinha/Documents/kafka/bin/../tools/build/dependant-libs-2.13.6/slf4j-log4j12-1.7.30.jar:/Users/akshatsinha/Documents/kafka/bin/../tools/build/dependant-libs-2.13.6/lz4-java-1.8.0.jar:/Users/akshatsinha/Documents/kafka/bin/../tools/build/dependant-libs-2.13.6/argparse4j-0.7.0.jar:/Users/akshatsinha/Documents/kafka/bin/../tools/build/dependant-libs-2.13.6/jackson-core-2.12.3.jar:/Users/akshatsinha/Documents/kafka/bin/../tools/build/dependant-libs-2.13.6/jackson-jaxrs-base-2.12.3.jar:/Users/akshatsinha/Documents/kafka/bin/../tools/build/dependant-libs-2.13.6/slf4j-api-1.7.30.jar:/Users/akshatsinha/Documents/kafka/bin/../tools/build/dependant-libs-2.13.6/zstd-jni-1.5.0-4.jar:/Users/akshatsinha/Documents/kafka/bin/../tools/build/dependant-libs-2.13.6/log4j-1.2.17.jar:/Users/akshatsinha/Documents/kafka/bin/../tools/build/dependant-libs-2.13.6/jackson-jaxrs-json-provider-2.12.3.jar:/Users/akshatsinha/Documents/kafka/bin/../tools/build/dependant-libs-2.13.6/jakarta.activation-api-1.2.1.jar:/Users/akshatsinha/Documents/kafka/bin/../tools/build/dependant-libs-2.13.6/kafka-log4j-appender-3.2.0-SNAPSHOT.jar:/Users/akshatsinha/Documents/kafka/bin/../tools/build/dependant-libs-2.13.6/jackson-datatype-jdk8-2.12.3.jar:/Users/akshatsinha/Documents/kafka/bin/../tools/build/dependant-libs-2.13.6/jackson-module-jaxb-annotations-2.12.3.jar:/Users/akshatsinha/Documents/kafka/bin/../tools/build/dependant-libs-2.13.6/jose4j-0.7.8.jar:/Users/akshatsinha/Documents/kafka/bin/../tools/build/dependant-libs-2.13.6/jackson-annotations-2.12.3.jar:/Users/akshatsinha/Documents/kafka/bin/../tools/build/dependant-libs-2.13.6/jackson-databind-2.12.3.jar:/Users/akshatsinha/Documents/kafka/bin/../trogdor/build/libs/trogdor-3.2.0-SNAPSHOT.jar:/Users/akshatsinha/Documents/kafka/bin/../trogdor/build/dependant-libs-2.13.6/jakarta.xml.bind-api-2.3.2.jar:/Users/akshatsinha/Documents/kafka/bin/../trogdor/build/dependant-libs-2.13.6/jetty-util-ajax-9.4.43.v20210629.jar:/Users/akshatsinha/Documents/kafka/bin/../trogdor/build/dependant-libs-2.13.6/jetty-continuation-9.4.43.v20210629.jar:/Users/akshatsinha/Documents/kafka/bin/../trogdor/build/dependant-libs-2.13.6/jersey-common-2.34.jar:/Users/akshatsinha/Documents/kafka/bin/../trogdor/build/dependant-libs-2.13.6/snappy-java-1.1.8.4.jar:/Users/akshatsinha/Documents/kafka/bin/../trogdor/build/dependant-libs-2.13.6/slf4j-log4j12-1.7.30.jar:/Users/akshatsinha/Documents/kafka/bin/../trogdor/build/dependant-libs-2.13.6/lz4-java-1.8.0.jar:/Users/akshatsinha/Documents/kafka/bin/../trogdor/build/dependant-libs-2.13.6/argparse4j-0.7.0.jar:/Users/akshatsinha/Documents/kafka/bin/../trogdor/build/dependant-libs-2.13.6/activation-1.1.1.jar:/Users/akshatsinha/Documents/kafka/bin/../trogdor/build/dependant-libs-2.13.6/jackson-core-2.12.3.jar:/Users/akshatsinha/Documents/kafka/bin/../trogdor/build/dependant-libs-2.13.6/jackson-jaxrs-base-2.12.3.jar:/Users/akshatsinha/Documents/kafka/bin/../trogdor/build/dependant-libs-2.13.6/slf4j-api-1.7.30.jar:/Users/akshatsinha/Documents/kafka/bin/../trogdor/build/dependant-libs-2.13.6/jetty-io-9.4.43.v20210629.jar:/Users/akshatsinha/Documents/kafka/bin/../trogdor/build/dependant-libs-2.13.6/zstd-jni-1.5.0-4.jar:/Users/akshatsinha/Documents/kafka/bin/../trogdor/build/dependant-libs-2.13.6/javax.servlet-api-3.1.0.jar:/Users/akshatsinha/Documents/kafka/bin/../trogdor/build/dependant-libs-2.13.6/jersey-server-2.34.jar:/Users/akshatsinha/Documents/kafka/bin/../trogdor/build/dependant-libs-2.13.6/log4j-1.2.17.jar:/Users/akshatsinha/Documents/kafka/bin/../trogdor/build/dependant-libs-2.13.6/hk2-locator-2.6.1.jar:/Users/akshatsinha/Documents/kafka/bin/../trogdor/build/dependant-libs-2.13.6/jakarta.ws.rs-api-2.1.6.jar:/Users/akshatsinha/Documents/kafka/bin/../trogdor/build/dependant-libs-2.13.6/aopalliance-repackaged-2.6.1.jar:/Users/akshatsinha/Documents/kafka/bin/../trogdor/build/dependant-libs-2.13.6/jetty-servlets-9.4.43.v20210629.jar:/Users/akshatsinha/Documents/kafka/bin/../trogdor/build/dependant-libs-2.13.6/jackson-jaxrs-json-provider-2.12.3.jar:/Users/akshatsinha/Documents/kafka/bin/../trogdor/build/dependant-libs-2.13.6/jetty-server-9.4.43.v20210629.jar:/Users/akshatsinha/Documents/kafka/bin/../trogdor/build/dependant-libs-2.13.6/jetty-util-9.4.43.v20210629.jar:/Users/akshatsinha/Documents/kafka/bin/../trogdor/build/dependant-libs-2.13.6/jaxb-api-2.3.0.jar:/Users/akshatsinha/Documents/kafka/bin/../trogdor/build/dependant-libs-2.13.6/jakarta.activation-api-1.2.1.jar:/Users/akshatsinha/Documents/kafka/bin/../trogdor/build/dependant-libs-2.13.6/jetty-servlet-9.4.43.v20210629.jar:/Users/akshatsinha/Documents/kafka/bin/../trogdor/build/dependant-libs-2.13.6/osgi-resource-locator-1.0.3.jar:/Users/akshatsinha/Documents/kafka/bin/../trogdor/build/dependant-libs-2.13.6/kafka-log4j-appender-3.2.0-SNAPSHOT.jar:/Users/akshatsinha/Documents/kafka/bin/../trogdor/build/dependant-libs-2.13.6/jersey-hk2-2.34.jar:/Users/akshatsinha/Documents/kafka/bin/../trogdor/build/dependant-libs-2.13.6/jakarta.inject-2.6.1.jar:/Users/akshatsinha/Documents/kafka/bin/../trogdor/build/dependant-libs-2.13.6/hk2-utils-2.6.1.jar:/Users/akshatsinha/Documents/kafka/bin/../trogdor/build/dependant-libs-2.13.6/jackson-datatype-jdk8-2.12.3.jar:/Users/akshatsinha/Documents/kafka/bin/../trogdor/build/dependant-libs-2.13.6/jersey-container-servlet-core-2.34.jar:/Users/akshatsinha/Documents/kafka/bin/../trogdor/build/dependant-libs-2.13.6/hk2-api-2.6.1.jar:/Users/akshatsinha/Documents/kafka/bin/../trogdor/build/dependant-libs-2.13.6/jersey-container-servlet-2.34.jar:/Users/akshatsinha/Documents/kafka/bin/../trogdor/build/dependant-libs-2.13.6/jakarta.annotation-api-1.3.5.jar:/Users/akshatsinha/Documents/kafka/bin/../trogdor/build/dependant-libs-2.13.6/jackson-module-jaxb-annotations-2.12.3.jar:/Users/akshatsinha/Documents/kafka/bin/../trogdor/build/dependant-libs-2.13.6/jetty-http-9.4.43.v20210629.jar:/Users/akshatsinha/Documents/kafka/bin/../trogdor/build/dependant-libs-2.13.6/jersey-client-2.34.jar:/Users/akshatsinha/Documents/kafka/bin/../trogdor/build/dependant-libs-2.13.6/jetty-security-9.4.43.v20210629.jar:/Users/akshatsinha/Documents/kafka/bin/../trogdor/build/dependant-libs-2.13.6/javassist-3.27.0-GA.jar:/Users/akshatsinha/Documents/kafka/bin/../trogdor/build/dependant-libs-2.13.6/jakarta.validation-api-2.0.2.jar:/Users/akshatsinha/Documents/kafka/bin/../trogdor/build/dependant-libs-2.13.6/jackson-annotations-2.12.3.jar:/Users/akshatsinha/Documents/kafka/bin/../trogdor/build/dependant-libs-2.13.6/jackson-databind-2.12.3.jar:/Users/akshatsinha/Documents/kafka/bin/../connect/api/build/libs/connect-api-3.2.0-SNAPSHOT.jar:/Users/akshatsinha/Documents/kafka/bin/../connect/api/build/dependant-libs/snappy-java-1.1.8.4.jar:/Users/akshatsinha/Documents/kafka/bin/../connect/api/build/dependant-libs/slf4j-log4j12-1.7.30.jar:/Users/akshatsinha/Documents/kafka/bin/../connect/api/build/dependant-libs/lz4-java-1.8.0.jar:/Users/akshatsinha/Documents/kafka/bin/../connect/api/build/dependant-libs/slf4j-api-1.7.30.jar:/Users/akshatsinha/Documents/kafka/bin/../connect/api/build/dependant-libs/zstd-jni-1.5.0-4.jar:/Users/akshatsinha/Documents/kafka/bin/../connect/api/build/dependant-libs/log4j-1.2.17.jar:/Users/akshatsinha/Documents/kafka/bin/../connect/api/build/dependant-libs/javax.ws.rs-api-2.1.1.jar:/Users/akshatsinha/Documents/kafka/bin/../connect/transforms/build/libs/connect-transforms-3.2.0-SNAPSHOT.jar:/Users/akshatsinha/Documents/kafka/bin/../connect/transforms/build/dependant-libs/snappy-java-1.1.8.4.jar:/Users/akshatsinha/Documents/kafka/bin/../connect/transforms/build/dependant-libs/slf4j-log4j12-1.7.30.jar:/Users/akshatsinha/Documents/kafka/bin/../connect/transforms/build/dependant-libs/lz4-java-1.8.0.jar:/Users/akshatsinha/Documents/kafka/bin/../connect/transforms/build/dependant-libs/slf4j-api-1.7.30.jar:/Users/akshatsinha/Documents/kafka/bin/../connect/transforms/build/dependant-libs/zstd-jni-1.5.0-4.jar:/Users/akshatsinha/Documents/kafka/bin/../connect/transforms/build/dependant-libs/log4j-1.2.17.jar:/Users/akshatsinha/Documents/kafka/bin/../connect/transforms/build/dependant-libs/javax.ws.rs-api-2.1.1.jar:/Users/akshatsinha/Documents/kafka/bin/../connect/runtime/build/libs/connect-runtime-3.2.0-SNAPSHOT.jar:/Users/akshatsinha/Documents/kafka/bin/../connect/runtime/build/dependant-libs/jakarta.xml.bind-api-2.3.2.jar:/Users/akshatsinha/Documents/kafka/bin/../connect/runtime/build/dependant-libs/jetty-util-ajax-9.4.43.v20210629.jar:/Users/akshatsinha/Documents/kafka/bin/../connect/runtime/build/dependant-libs/kafka-tools-3.2.0-SNAPSHOT.jar:/Users/akshatsinha/Documents/kafka/bin/../connect/runtime/build/dependant-libs/jetty-continuation-9.4.43.v20210629.jar:/Users/akshatsinha/Documents/kafka/bin/../connect/runtime/build/dependant-libs/jersey-common-2.34.jar:/Users/akshatsinha/Documents/kafka/bin/../connect/runtime/build/dependant-libs/snappy-java-1.1.8.4.jar:/Users/akshatsinha/Documents/kafka/bin/../connect/runtime/build/dependant-libs/reflections-0.9.12.jar:/Users/akshatsinha/Documents/kafka/bin/../connect/runtime/build/dependant-libs/slf4j-log4j12-1.7.30.jar:/Users/akshatsinha/Documents/kafka/bin/../connect/runtime/build/dependant-libs/lz4-java-1.8.0.jar:/Users/akshatsinha/Documents/kafka/bin/../connect/runtime/build/dependant-libs/argparse4j-0.7.0.jar:/Users/akshatsinha/Documents/kafka/bin/../connect/runtime/build/dependant-libs/activation-1.1.1.jar:/Users/akshatsinha/Documents/kafka/bin/../connect/runtime/build/dependant-libs/jackson-core-2.12.3.jar:/Users/akshatsinha/Documents/kafka/bin/../connect/runtime/build/dependant-libs/jackson-jaxrs-base-2.12.3.jar:/Users/akshatsinha/Documents/kafka/bin/../connect/runtime/build/dependant-libs/slf4j-api-1.7.30.jar:/Users/akshatsinha/Documents/kafka/bin/../connect/runtime/build/dependant-libs/jetty-io-9.4.43.v20210629.jar:/Users/akshatsinha/Documents/kafka/bin/../connect/runtime/build/dependant-libs/zstd-jni-1.5.0-4.jar:/Users/akshatsinha/Documents/kafka/bin/../connect/runtime/build/dependant-libs/javax.servlet-api-3.1.0.jar:/Users/akshatsinha/Documents/kafka/bin/../connect/runtime/build/dependant-libs/jersey-server-2.34.jar:/Users/akshatsinha/Documents/kafka/bin/../connect/runtime/build/dependant-libs/log4j-1.2.17.jar:/Users/akshatsinha/Documents/kafka/bin/../connect/runtime/build/dependant-libs/hk2-locator-2.6.1.jar:/Users/akshatsinha/Documents/kafka/bin/../connect/runtime/build/dependant-libs/plexus-utils-3.2.1.jar:/Users/akshatsinha/Documents/kafka/bin/../connect/runtime/build/dependant-libs/jakarta.ws.rs-api-2.1.6.jar:/Users/akshatsinha/Documents/kafka/bin/../connect/runtime/build/dependant-libs/aopalliance-repackaged-2.6.1.jar:/Users/akshatsinha/Documents/kafka/bin/../connect/runtime/build/dependant-libs/jetty-servlets-9.4.43.v20210629.jar:/Users/akshatsinha/Documents/kafka/bin/../connect/runtime/build/dependant-libs/jackson-jaxrs-json-provider-2.12.3.jar:/Users/akshatsinha/Documents/kafka/bin/../connect/runtime/build/dependant-libs/jetty-server-9.4.43.v20210629.jar:/Users/akshatsinha/Documents/kafka/bin/../connect/runtime/build/dependant-libs/jetty-util-9.4.43.v20210629.jar:/Users/akshatsinha/Documents/kafka/bin/../connect/runtime/build/dependant-libs/jaxb-api-2.3.0.jar:/Users/akshatsinha/Documents/kafka/bin/../connect/runtime/build/dependant-libs/jakarta.activation-api-1.2.1.jar:/Users/akshatsinha/Documents/kafka/bin/../connect/runtime/build/dependant-libs/jetty-servlet-9.4.43.v20210629.jar:/Users/akshatsinha/Documents/kafka/bin/../connect/runtime/build/dependant-libs/osgi-resource-locator-1.0.3.jar:/Users/akshatsinha/Documents/kafka/bin/../connect/runtime/build/dependant-libs/kafka-log4j-appender-3.2.0-SNAPSHOT.jar:/Users/akshatsinha/Documents/kafka/bin/../connect/runtime/build/dependant-libs/jersey-hk2-2.34.jar:/Users/akshatsinha/Documents/kafka/bin/../connect/runtime/build/dependant-libs/jakarta.inject-2.6.1.jar:/Users/akshatsinha/Documents/kafka/bin/../connect/runtime/build/dependant-libs/hk2-utils-2.6.1.jar:/Users/akshatsinha/Documents/kafka/bin/../connect/runtime/build/dependant-libs/javax.ws.rs-api-2.1.1.jar:/Users/akshatsinha/Documents/kafka/bin/../connect/runtime/build/dependant-libs/jackson-datatype-jdk8-2.12.3.jar:/Users/akshatsinha/Documents/kafka/bin/../connect/runtime/build/dependant-libs/jersey-container-servlet-core-2.34.jar:/Users/akshatsinha/Documents/kafka/bin/../connect/runtime/build/dependant-libs/hk2-api-2.6.1.jar:/Users/akshatsinha/Documents/kafka/bin/../connect/runtime/build/dependant-libs/jersey-container-servlet-2.34.jar:/Users/akshatsinha/Documents/kafka/bin/../connect/runtime/build/dependant-libs/jakarta.annotation-api-1.3.5.jar:/Users/akshatsinha/Documents/kafka/bin/../connect/runtime/build/dependant-libs/maven-artifact-3.8.1.jar:/Users/akshatsinha/Documents/kafka/bin/../connect/runtime/build/dependant-libs/jackson-module-jaxb-annotations-2.12.3.jar:/Users/akshatsinha/Documents/kafka/bin/../connect/runtime/build/dependant-libs/jetty-http-9.4.43.v20210629.jar:/Users/akshatsinha/Documents/kafka/bin/../connect/runtime/build/dependant-libs/jose4j-0.7.8.jar:/Users/akshatsinha/Documents/kafka/bin/../connect/runtime/build/dependant-libs/jersey-client-2.34.jar:/Users/akshatsinha/Documents/kafka/bin/../connect/runtime/build/dependant-libs/jetty-client-9.4.43.v20210629.jar:/Users/akshatsinha/Documents/kafka/bin/../connect/runtime/build/dependant-libs/jetty-security-9.4.43.v20210629.jar:/Users/akshatsinha/Documents/kafka/bin/../connect/runtime/build/dependant-libs/javassist-3.27.0-GA.jar:/Users/akshatsinha/Documents/kafka/bin/../connect/runtime/build/dependant-libs/jakarta.validation-api-2.0.2.jar:/Users/akshatsinha/Documents/kafka/bin/../connect/runtime/build/dependant-libs/commons-lang3-3.8.1.jar:/Users/akshatsinha/Documents/kafka/bin/../connect/runtime/build/dependant-libs/jackson-annotations-2.12.3.jar:/Users/akshatsinha/Documents/kafka/bin/../connect/runtime/build/dependant-libs/jackson-databind-2.12.3.jar:/Users/akshatsinha/Documents/kafka/bin/../connect/file/build/libs/connect-file-3.2.0-SNAPSHOT.jar:/Users/akshatsinha/Documents/kafka/bin/../connect/file/build/dependant-libs/snappy-java-1.1.8.4.jar:/Users/akshatsinha/Documents/kafka/bin/../connect/file/build/dependant-libs/slf4j-log4j12-1.7.30.jar:/Users/akshatsinha/Documents/kafka/bin/../connect/file/build/dependant-libs/lz4-java-1.8.0.jar:/Users/akshatsinha/Documents/kafka/bin/../connect/file/build/dependant-libs/slf4j-api-1.7.30.jar:/Users/akshatsinha/Documents/kafka/bin/../connect/file/build/dependant-libs/zstd-jni-1.5.0-4.jar:/Users/akshatsinha/Documents/kafka/bin/../connect/file/build/dependant-libs/log4j-1.2.17.jar:/Users/akshatsinha/Documents/kafka/bin/../connect/file/build/dependant-libs/javax.ws.rs-api-2.1.1.jar:/Users/akshatsinha/Documents/kafka/bin/../connect/mirror/build/libs/connect-mirror-3.2.0-SNAPSHOT.jar:/Users/akshatsinha/Documents/kafka/bin/../connect/mirror/build/dependant-libs/jakarta.xml.bind-api-2.3.2.jar:/Users/akshatsinha/Documents/kafka/bin/../connect/mirror/build/dependant-libs/jetty-util-ajax-9.4.43.v20210629.jar:/Users/akshatsinha/Documents/kafka/bin/../connect/mirror/build/dependant-libs/kafka-tools-3.2.0-SNAPSHOT.jar:/Users/akshatsinha/Documents/kafka/bin/../connect/mirror/build/dependant-libs/jetty-continuation-9.4.43.v20210629.jar:/Users/akshatsinha/Documents/kafka/bin/../connect/mirror/build/dependant-libs/jersey-common-2.34.jar:/Users/akshatsinha/Documents/kafka/bin/../connect/mirror/build/dependant-libs/snappy-java-1.1.8.4.jar:/Users/akshatsinha/Documents/kafka/bin/../connect/mirror/build/dependant-libs/reflections-0.9.12.jar:/Users/akshatsinha/Documents/kafka/bin/../connect/mirror/build/dependant-libs/slf4j-log4j12-1.7.30.jar:/Users/akshatsinha/Documents/kafka/bin/../connect/mirror/build/dependant-libs/lz4-java-1.8.0.jar:/Users/akshatsinha/Documents/kafka/bin/../connect/mirror/build/dependant-libs/argparse4j-0.7.0.jar:/Users/akshatsinha/Documents/kafka/bin/../connect/mirror/build/dependant-libs/activation-1.1.1.jar:/Users/akshatsinha/Documents/kafka/bin/../connect/mirror/build/dependant-libs/jackson-core-2.12.3.jar:/Users/akshatsinha/Documents/kafka/bin/../connect/mirror/build/dependant-libs/jackson-jaxrs-base-2.12.3.jar:/Users/akshatsinha/Documents/kafka/bin/../connect/mirror/build/dependant-libs/slf4j-api-1.7.30.jar:/Users/akshatsinha/Documents/kafka/bin/../connect/mirror/build/dependant-libs/jetty-io-9.4.43.v20210629.jar:/Users/akshatsinha/Documents/kafka/bin/../connect/mirror/build/dependant-libs/zstd-jni-1.5.0-4.jar:/Users/akshatsinha/Documents/kafka/bin/../connect/mirror/build/dependant-libs/javax.servlet-api-3.1.0.jar:/Users/akshatsinha/Documents/kafka/bin/../connect/mirror/build/dependant-libs/jersey-server-2.34.jar:/Users/akshatsinha/Documents/kafka/bin/../connect/mirror/build/dependant-libs/log4j-1.2.17.jar:/Users/akshatsinha/Documents/kafka/bin/../connect/mirror/build/dependant-libs/hk2-locator-2.6.1.jar:/Users/akshatsinha/Documents/kafka/bin/../connect/mirror/build/dependant-libs/plexus-utils-3.2.1.jar:/Users/akshatsinha/Documents/kafka/bin/../connect/mirror/build/dependant-libs/jakarta.ws.rs-api-2.1.6.jar:/Users/akshatsinha/Documents/kafka/bin/../connect/mirror/build/dependant-libs/aopalliance-repackaged-2.6.1.jar:/Users/akshatsinha/Documents/kafka/bin/../connect/mirror/build/dependant-libs/jetty-servlets-9.4.43.v20210629.jar:/Users/akshatsinha/Documents/kafka/bin/../connect/mirror/build/dependant-libs/jackson-jaxrs-json-provider-2.12.3.jar:/Users/akshatsinha/Documents/kafka/bin/../connect/mirror/build/dependant-libs/jetty-server-9.4.43.v20210629.jar:/Users/akshatsinha/Documents/kafka/bin/../connect/mirror/build/dependant-libs/jetty-util-9.4.43.v20210629.jar:/Users/akshatsinha/Documents/kafka/bin/../connect/mirror/build/dependant-libs/jaxb-api-2.3.0.jar:/Users/akshatsinha/Documents/kafka/bin/../connect/mirror/build/dependant-libs/jakarta.activation-api-1.2.1.jar:/Users/akshatsinha/Documents/kafka/bin/../connect/mirror/build/dependant-libs/jetty-servlet-9.4.43.v20210629.jar:/Users/akshatsinha/Documents/kafka/bin/../connect/mirror/build/dependant-libs/osgi-resource-locator-1.0.3.jar:/Users/akshatsinha/Documents/kafka/bin/../connect/mirror/build/dependant-libs/kafka-log4j-appender-3.2.0-SNAPSHOT.jar:/Users/akshatsinha/Documents/kafka/bin/../connect/mirror/build/dependant-libs/jersey-hk2-2.34.jar:/Users/akshatsinha/Documents/kafka/bin/../connect/mirror/build/dependant-libs/jakarta.inject-2.6.1.jar:/Users/akshatsinha/Documents/kafka/bin/../connect/mirror/build/dependant-libs/hk2-utils-2.6.1.jar:/Users/akshatsinha/Documents/kafka/bin/../connect/mirror/build/dependant-libs/javax.ws.rs-api-2.1.1.jar:/Users/akshatsinha/Documents/kafka/bin/../connect/mirror/build/dependant-libs/jackson-datatype-jdk8-2.12.3.jar:/Users/akshatsinha/Documents/kafka/bin/../connect/mirror/build/dependant-libs/jersey-container-servlet-core-2.34.jar:/Users/akshatsinha/Documents/kafka/bin/../connect/mirror/build/dependant-libs/hk2-api-2.6.1.jar:/Users/akshatsinha/Documents/kafka/bin/../connect/mirror/build/dependant-libs/jersey-container-servlet-2.34.jar:/Users/akshatsinha/Documents/kafka/bin/../connect/mirror/build/dependant-libs/jakarta.annotation-api-1.3.5.jar:/Users/akshatsinha/Documents/kafka/bin/../connect/mirror/build/dependant-libs/maven-artifact-3.8.1.jar:/Users/akshatsinha/Documents/kafka/bin/../connect/mirror/build/dependant-libs/jackson-module-jaxb-annotations-2.12.3.jar:/Users/akshatsinha/Documents/kafka/bin/../connect/mirror/build/dependant-libs/jetty-http-9.4.43.v20210629.jar:/Users/akshatsinha/Documents/kafka/bin/../connect/mirror/build/dependant-libs/jose4j-0.7.8.jar:/Users/akshatsinha/Documents/kafka/bin/../connect/mirror/build/dependant-libs/jersey-client-2.34.jar:/Users/akshatsinha/Documents/kafka/bin/../connect/mirror/build/dependant-libs/jetty-client-9.4.43.v20210629.jar:/Users/akshatsinha/Documents/kafka/bin/../connect/mirror/build/dependant-libs/jetty-security-9.4.43.v20210629.jar:/Users/akshatsinha/Documents/kafka/bin/../connect/mirror/build/dependant-libs/javassist-3.27.0-GA.jar:/Users/akshatsinha/Documents/kafka/bin/../connect/mirror/build/dependant-libs/jakarta.validation-api-2.0.2.jar:/Users/akshatsinha/Documents/kafka/bin/../connect/mirror/build/dependant-libs/commons-lang3-3.8.1.jar:/Users/akshatsinha/Documents/kafka/bin/../connect/mirror/build/dependant-libs/jackson-annotations-2.12.3.jar:/Users/akshatsinha/Documents/kafka/bin/../connect/mirror/build/dependant-libs/jackson-databind-2.12.3.jar:/Users/akshatsinha/Documents/kafka/bin/../connect/mirror-client/build/libs/connect-mirror-client-3.2.0-SNAPSHOT.jar:/Users/akshatsinha/Documents/kafka/bin/../connect/mirror-client/build/dependant-libs/snappy-java-1.1.8.4.jar:/Users/akshatsinha/Documents/kafka/bin/../connect/mirror-client/build/dependant-libs/slf4j-log4j12-1.7.30.jar:/Users/akshatsinha/Documents/kafka/bin/../connect/mirror-client/build/dependant-libs/lz4-java-1.8.0.jar:/Users/akshatsinha/Documents/kafka/bin/../connect/mirror-client/build/dependant-libs/slf4j-api-1.7.30.jar:/Users/akshatsinha/Documents/kafka/bin/../connect/mirror-client/build/dependant-libs/zstd-jni-1.5.0-4.jar:/Users/akshatsinha/Documents/kafka/bin/../connect/mirror-client/build/dependant-libs/log4j-1.2.17.jar:/Users/akshatsinha/Documents/kafka/bin/../connect/json/build/libs/connect-json-3.2.0-SNAPSHOT.jar:/Users/akshatsinha/Documents/kafka/bin/../connect/json/build/dependant-libs/snappy-java-1.1.8.4.jar:/Users/akshatsinha/Documents/kafka/bin/../connect/json/build/dependant-libs/slf4j-log4j12-1.7.30.jar:/Users/akshatsinha/Documents/kafka/bin/../connect/json/build/dependant-libs/lz4-java-1.8.0.jar:/Users/akshatsinha/Documents/kafka/bin/../connect/json/build/dependant-libs/jackson-core-2.12.3.jar:/Users/akshatsinha/Documents/kafka/bin/../connect/json/build/dependant-libs/slf4j-api-1.7.30.jar:/Users/akshatsinha/Documents/kafka/bin/../connect/json/build/dependant-libs/zstd-jni-1.5.0-4.jar:/Users/akshatsinha/Documents/kafka/bin/../connect/json/build/dependant-libs/log4j-1.2.17.jar:/Users/akshatsinha/Documents/kafka/bin/../connect/json/build/dependant-libs/javax.ws.rs-api-2.1.1.jar:/Users/akshatsinha/Documents/kafka/bin/../connect/json/build/dependant-libs/jackson-datatype-jdk8-2.12.3.jar:/Users/akshatsinha/Documents/kafka/bin/../connect/json/build/dependant-libs/jackson-annotations-2.12.3.jar:/Users/akshatsinha/Documents/kafka/bin/../connect/json/build/dependant-libs/jackson-databind-2.12.3.jar:/Users/akshatsinha/Documents/kafka/bin/../connect/basic-auth-extension/build/libs/connect-basic-auth-extension-3.2.0-SNAPSHOT.jar:/Users/akshatsinha/Documents/kafka/bin/../connect/basic-auth-extension/build/dependant-libs/snappy-java-1.1.8.4.jar:/Users/akshatsinha/Documents/kafka/bin/../connect/basic-auth-extension/build/dependant-libs/slf4j-log4j12-1.7.30.jar:/Users/akshatsinha/Documents/kafka/bin/../connect/basic-auth-extension/build/dependant-libs/lz4-java-1.8.0.jar:/Users/akshatsinha/Documents/kafka/bin/../connect/basic-auth-extension/build/dependant-libs/slf4j-api-1.7.30.jar:/Users/akshatsinha/Documents/kafka/bin/../connect/basic-auth-extension/build/dependant-libs/zstd-jni-1.5.0-4.jar:/Users/akshatsinha/Documents/kafka/bin/../connect/basic-auth-extension/build/dependant-libs/log4j-1.2.17.jar:/Users/akshatsinha/Documents/kafka/bin/../connect/basic-auth-extension/build/dependant-libs/javax.ws.rs-api-2.1.1.jar:/Users/akshatsinha/Documents/kafka/bin/../core/build/libs/kafka_2.13-3.2.0-SNAPSHOT.jar (org.apache.zookeeper.ZooKeeper)
[2022-04-18 10:23:51,949] INFO Client environment:java.library.path=/Users/akshatsinha/Library/Java/Extensions:/Library/Java/Extensions:/Network/Library/Java/Extensions:/System/Library/Java/Extensions:/usr/lib/java:. (org.apache.zookeeper.ZooKeeper)
[2022-04-18 10:23:51,949] INFO Client environment:java.io.tmpdir=/var/folders/sg/v36fpbxj1fb7nqlq1pr_ykgh0000gn/T/ (org.apache.zookeeper.ZooKeeper)
[2022-04-18 10:23:51,949] INFO Client environment:java.compiler=<NA> (org.apache.zookeeper.ZooKeeper)
[2022-04-18 10:23:51,949] INFO Client environment:os.name=Mac OS X (org.apache.zookeeper.ZooKeeper)
[2022-04-18 10:23:51,949] INFO Client environment:os.arch=x86_64 (org.apache.zookeeper.ZooKeeper)
[2022-04-18 10:23:51,949] INFO Client environment:os.version=11.3 (org.apache.zookeeper.ZooKeeper)
[2022-04-18 10:23:51,949] INFO Client environment:user.name=akshatsinha (org.apache.zookeeper.ZooKeeper)
[2022-04-18 10:23:51,949] INFO Client environment:user.home=/Users/akshatsinha (org.apache.zookeeper.ZooKeeper)
[2022-04-18 10:23:51,949] INFO Client environment:user.dir=/Users/akshatsinha/Documents/kafka (org.apache.zookeeper.ZooKeeper)
[2022-04-18 10:23:51,949] INFO Client environment:os.memory.free=982MB (org.apache.zookeeper.ZooKeeper)
[2022-04-18 10:23:51,949] INFO Client environment:os.memory.max=1024MB (org.apache.zookeeper.ZooKeeper)
[2022-04-18 10:23:51,949] INFO Client environment:os.memory.total=1024MB (org.apache.zookeeper.ZooKeeper)
[2022-04-18 10:23:51,955] INFO Initiating client connection, connectString=localhost:2181 sessionTimeout=18000 watcher=kafka.zookeeper.ZooKeeperClient$ZooKeeperClientWatcher$@3f67593e (org.apache.zookeeper.ZooKeeper)
[2022-04-18 10:23:51,964] INFO jute.maxbuffer value is 4194304 Bytes (org.apache.zookeeper.ClientCnxnSocket)
[2022-04-18 10:23:51,969] INFO zookeeper.request.timeout value is 0. feature enabled=false (org.apache.zookeeper.ClientCnxn)
[2022-04-18 10:23:51,974] INFO [ZooKeeperClient Kafka server] Waiting until connected. (kafka.zookeeper.ZooKeeperClient)
[2022-04-18 10:23:51,975] INFO Opening socket connection to server localhost/[0:0:0:0:0:0:0:1]:2181. (org.apache.zookeeper.ClientCnxn)
[2022-04-18 10:23:51,975] INFO SASL config status: Will not attempt to authenticate using SASL (unknown error) (org.apache.zookeeper.ClientCnxn)
[2022-04-18 10:23:51,980] INFO Socket connection established, initiating session, client: /[0:0:0:0:0:0:0:1]:51342, server: localhost/[0:0:0:0:0:0:0:1]:2181 (org.apache.zookeeper.ClientCnxn)
[2022-04-18 10:23:52,001] INFO Session establishment complete on server localhost/[0:0:0:0:0:0:0:1]:2181, session id = 0x1000a9af0a70001, negotiated timeout = 18000 (org.apache.zookeeper.ClientCnxn)
[2022-04-18 10:23:52,021] INFO [ZooKeeperClient Kafka server] Connected. (kafka.zookeeper.ZooKeeperClient)
[2022-04-18 10:23:52,363] INFO [feature-zk-node-event-process-thread]: Starting (kafka.server.FinalizedFeatureChangeListener$ChangeNotificationProcessorThread)
[2022-04-18 10:23:52,381] INFO Feature ZK node at path: /feature does not exist (kafka.server.FinalizedFeatureChangeListener)
[2022-04-18 10:23:52,383] INFO Cleared cache (kafka.server.FinalizedFeatureCache)
[2022-04-18 10:23:52,511] INFO Cluster ID = 0Lx-md_qRWGYrMG01kEBaA (kafka.server.KafkaServer)
[2022-04-18 10:23:52,518] WARN No meta.properties file under dir /tmp/kafka-logs-3/meta.properties (kafka.server.BrokerMetadataCheckpoint)
[2022-04-18 10:23:52,610] INFO KafkaConfig values: 
	advertised.listeners = null
	alter.config.policy.class.name = null
	alter.log.dirs.replication.quota.window.num = 11
	alter.log.dirs.replication.quota.window.size.seconds = 1
	authorizer.class.name = 
	auto.create.topics.enable = true
	auto.leader.rebalance.enable = true
	background.threads = 10
	broker.heartbeat.interval.ms = 2000
	broker.id = 2
	broker.id.generation.enable = true
	broker.rack = null
	broker.session.timeout.ms = 9000
	client.quota.callback.class = null
	compression.type = producer
	connection.failed.authentication.delay.ms = 100
	connections.max.idle.ms = 600000
	connections.max.reauth.ms = 0
	control.plane.listener.name = null
	controlled.shutdown.enable = true
	controlled.shutdown.max.retries = 3
	controlled.shutdown.retry.backoff.ms = 5000
	controller.listener.names = null
	controller.quorum.append.linger.ms = 25
	controller.quorum.election.backoff.max.ms = 1000
	controller.quorum.election.timeout.ms = 1000
	controller.quorum.fetch.timeout.ms = 2000
	controller.quorum.request.timeout.ms = 2000
	controller.quorum.retry.backoff.ms = 20
	controller.quorum.voters = []
	controller.quota.window.num = 11
	controller.quota.window.size.seconds = 1
	controller.socket.timeout.ms = 30000
	create.topic.policy.class.name = null
	default.replication.factor = 1
	delegation.token.expiry.check.interval.ms = 3600000
	delegation.token.expiry.time.ms = 86400000
	delegation.token.master.key = null
	delegation.token.max.lifetime.ms = 604800000
	delegation.token.secret.key = null
	delete.records.purgatory.purge.interval.requests = 1
	delete.topic.enable = true
	fetch.max.bytes = 57671680
	fetch.purgatory.purge.interval.requests = 1000
	group.initial.rebalance.delay.ms = 0
	group.max.session.timeout.ms = 1800000
	group.max.size = 2147483647
	group.min.session.timeout.ms = 6000
	initial.broker.registration.timeout.ms = 60000
	inter.broker.listener.name = null
	inter.broker.protocol.version = 3.1-IV0
	kafka.metrics.polling.interval.secs = 10
	kafka.metrics.reporters = []
	leader.imbalance.check.interval.seconds = 300
	leader.imbalance.per.broker.percentage = 10
	listener.security.protocol.map = PLAINTEXT:PLAINTEXT,SSL:SSL,SASL_PLAINTEXT:SASL_PLAINTEXT,SASL_SSL:SASL_SSL
	listeners = PLAINTEXT://localhost:9094
	log.cleaner.backoff.ms = 15000
	log.cleaner.dedupe.buffer.size = 134217728
	log.cleaner.delete.retention.ms = 86400000
	log.cleaner.enable = true
	log.cleaner.io.buffer.load.factor = 0.9
	log.cleaner.io.buffer.size = 524288
	log.cleaner.io.max.bytes.per.second = 1.7976931348623157E308
	log.cleaner.max.compaction.lag.ms = 9223372036854775807
	log.cleaner.min.cleanable.ratio = 0.5
	log.cleaner.min.compaction.lag.ms = 0
	log.cleaner.threads = 1
	log.cleanup.policy = [delete]
	log.dir = /tmp/kafka-logs
	log.dirs = /tmp/kafka-logs-3
	log.flush.interval.messages = 9223372036854775807
	log.flush.interval.ms = null
	log.flush.offset.checkpoint.interval.ms = 60000
	log.flush.scheduler.interval.ms = 9223372036854775807
	log.flush.start.offset.checkpoint.interval.ms = 60000
	log.index.interval.bytes = 4096
	log.index.size.max.bytes = 10485760
	log.message.downconversion.enable = true
	log.message.format.version = 3.0-IV1
	log.message.timestamp.difference.max.ms = 9223372036854775807
	log.message.timestamp.type = CreateTime
	log.preallocate = false
	log.retention.bytes = -1
	log.retention.check.interval.ms = 300000
	log.retention.hours = 168
	log.retention.minutes = null
	log.retention.ms = null
	log.roll.hours = 168
	log.roll.jitter.hours = 0
	log.roll.jitter.ms = null
	log.roll.ms = null
	log.segment.bytes = 1073741824
	log.segment.delete.delay.ms = 60000
	max.connection.creation.rate = 2147483647
	max.connections = 2147483647
	max.connections.per.ip = 2147483647
	max.connections.per.ip.overrides = 
	max.incremental.fetch.session.cache.slots = 1000
	message.max.bytes = 1048588
	metadata.log.dir = null
	metadata.log.max.record.bytes.between.snapshots = 20971520
	metadata.log.segment.bytes = 1073741824
	metadata.log.segment.min.bytes = 8388608
	metadata.log.segment.ms = 604800000
	metadata.max.retention.bytes = -1
	metadata.max.retention.ms = 604800000
	metric.reporters = []
	metrics.num.samples = 2
	metrics.recording.level = INFO
	metrics.sample.window.ms = 30000
	min.insync.replicas = 1
	node.id = 2
	num.io.threads = 8
	num.network.threads = 3
	num.partitions = 1
	num.recovery.threads.per.data.dir = 1
	num.replica.alter.log.dirs.threads = null
	num.replica.fetchers = 1
	offset.metadata.max.bytes = 4096
	offsets.commit.required.acks = -1
	offsets.commit.timeout.ms = 5000
	offsets.load.buffer.size = 5242880
	offsets.retention.check.interval.ms = 600000
	offsets.retention.minutes = 10080
	offsets.topic.compression.codec = 0
	offsets.topic.num.partitions = 50
	offsets.topic.replication.factor = 1
	offsets.topic.segment.bytes = 104857600
	password.encoder.cipher.algorithm = AES/CBC/PKCS5Padding
	password.encoder.iterations = 4096
	password.encoder.key.length = 128
	password.encoder.keyfactory.algorithm = null
	password.encoder.old.secret = null
	password.encoder.secret = null
	principal.builder.class = class org.apache.kafka.common.security.authenticator.DefaultKafkaPrincipalBuilder
	process.roles = []
	producer.purgatory.purge.interval.requests = 1000
	queued.max.request.bytes = -1
	queued.max.requests = 500
	quota.window.num = 11
	quota.window.size.seconds = 1
	remote.log.index.file.cache.total.size.bytes = 1073741824
	remote.log.manager.task.interval.ms = 30000
	remote.log.manager.task.retry.backoff.max.ms = 30000
	remote.log.manager.task.retry.backoff.ms = 500
	remote.log.manager.task.retry.jitter = 0.2
	remote.log.manager.thread.pool.size = 10
	remote.log.metadata.manager.class.name = null
	remote.log.metadata.manager.class.path = null
	remote.log.metadata.manager.impl.prefix = null
	remote.log.metadata.manager.listener.name = null
	remote.log.reader.max.pending.tasks = 100
	remote.log.reader.threads = 10
	remote.log.storage.manager.class.name = null
	remote.log.storage.manager.class.path = null
	remote.log.storage.manager.impl.prefix = null
	remote.log.storage.system.enable = false
	replica.fetch.backoff.ms = 1000
	replica.fetch.max.bytes = 1048576
	replica.fetch.min.bytes = 1
	replica.fetch.response.max.bytes = 10485760
	replica.fetch.wait.max.ms = 500
	replica.high.watermark.checkpoint.interval.ms = 5000
	replica.lag.time.max.ms = 30000
	replica.selector.class = null
	replica.socket.receive.buffer.bytes = 65536
	replica.socket.timeout.ms = 30000
	replication.quota.window.num = 11
	replication.quota.window.size.seconds = 1
	request.timeout.ms = 30000
	reserved.broker.max.id = 1000
	sasl.client.callback.handler.class = null
	sasl.enabled.mechanisms = [GSSAPI]
	sasl.jaas.config = null
	sasl.kerberos.kinit.cmd = /usr/bin/kinit
	sasl.kerberos.min.time.before.relogin = 60000
	sasl.kerberos.principal.to.local.rules = [DEFAULT]
	sasl.kerberos.service.name = null
	sasl.kerberos.ticket.renew.jitter = 0.05
	sasl.kerberos.ticket.renew.window.factor = 0.8
	sasl.login.callback.handler.class = null
	sasl.login.class = null
	sasl.login.connect.timeout.ms = null
	sasl.login.read.timeout.ms = null
	sasl.login.refresh.buffer.seconds = 300
	sasl.login.refresh.min.period.seconds = 60
	sasl.login.refresh.window.factor = 0.8
	sasl.login.refresh.window.jitter = 0.05
	sasl.login.retry.backoff.max.ms = 10000
	sasl.login.retry.backoff.ms = 100
	sasl.mechanism.controller.protocol = GSSAPI
	sasl.mechanism.inter.broker.protocol = GSSAPI
	sasl.oauthbearer.clock.skew.seconds = 30
	sasl.oauthbearer.expected.audience = null
	sasl.oauthbearer.expected.issuer = null
	sasl.oauthbearer.jwks.endpoint.refresh.ms = 3600000
	sasl.oauthbearer.jwks.endpoint.url = null
	sasl.oauthbearer.scope.claim.name = scope
	sasl.oauthbearer.sub.claim.name = sub
	sasl.oauthbearer.token.endpoint.url = null
	sasl.server.callback.handler.class = null
	security.inter.broker.protocol = PLAINTEXT
	security.providers = null
	socket.connection.setup.timeout.max.ms = 3000000
	socket.connection.setup.timeout.ms = 1000000
	socket.receive.buffer.bytes = 102400
	socket.request.max.bytes = 104857600
	socket.send.buffer.bytes = 102400
	ssl.cipher.suites = []
	ssl.client.auth = none
	ssl.enabled.protocols = [TLSv1.2, TLSv1.3]
	ssl.endpoint.identification.algorithm = https
	ssl.engine.factory.class = null
	ssl.key.password = null
	ssl.keymanager.algorithm = SunX509
	ssl.keystore.certificate.chain = null
	ssl.keystore.key = null
	ssl.keystore.location = null
	ssl.keystore.password = null
	ssl.keystore.type = JKS
	ssl.principal.mapping.rules = DEFAULT
	ssl.protocol = TLSv1.3
	ssl.provider = null
	ssl.secure.random.implementation = null
	ssl.trustmanager.algorithm = PKIX
	ssl.truststore.certificates = null
	ssl.truststore.location = null
	ssl.truststore.password = null
	ssl.truststore.type = JKS
	transaction.abort.timed.out.transaction.cleanup.interval.ms = 10000
	transaction.max.timeout.ms = 900000
	transaction.remove.expired.transaction.cleanup.interval.ms = 3600000
	transaction.state.log.load.buffer.size = 5242880
	transaction.state.log.min.isr = 1
	transaction.state.log.num.partitions = 50
	transaction.state.log.replication.factor = 1
	transaction.state.log.segment.bytes = 104857600
	transactional.id.expiration.ms = 604800000
	unclean.leader.election.enable = false
	zookeeper.clientCnxnSocket = null
	zookeeper.connect = localhost:2181
	zookeeper.connection.timeout.ms = 18000
	zookeeper.max.in.flight.requests = 10
	zookeeper.session.timeout.ms = 18000
	zookeeper.set.acl = false
	zookeeper.ssl.cipher.suites = null
	zookeeper.ssl.client.enable = false
	zookeeper.ssl.crl.enable = false
	zookeeper.ssl.enabled.protocols = null
	zookeeper.ssl.endpoint.identification.algorithm = HTTPS
	zookeeper.ssl.keystore.location = null
	zookeeper.ssl.keystore.password = null
	zookeeper.ssl.keystore.type = null
	zookeeper.ssl.ocsp.enable = false
	zookeeper.ssl.protocol = TLSv1.2
	zookeeper.ssl.truststore.location = null
	zookeeper.ssl.truststore.password = null
	zookeeper.ssl.truststore.type = null
	zookeeper.sync.time.ms = 2000
 (kafka.server.KafkaConfig)
[2022-04-18 10:23:52,659] INFO KafkaConfig values: 
	advertised.listeners = null
	alter.config.policy.class.name = null
	alter.log.dirs.replication.quota.window.num = 11
	alter.log.dirs.replication.quota.window.size.seconds = 1
	authorizer.class.name = 
	auto.create.topics.enable = true
	auto.leader.rebalance.enable = true
	background.threads = 10
	broker.heartbeat.interval.ms = 2000
	broker.id = 2
	broker.id.generation.enable = true
	broker.rack = null
	broker.session.timeout.ms = 9000
	client.quota.callback.class = null
	compression.type = producer
	connection.failed.authentication.delay.ms = 100
	connections.max.idle.ms = 600000
	connections.max.reauth.ms = 0
	control.plane.listener.name = null
	controlled.shutdown.enable = true
	controlled.shutdown.max.retries = 3
	controlled.shutdown.retry.backoff.ms = 5000
	controller.listener.names = null
	controller.quorum.append.linger.ms = 25
	controller.quorum.election.backoff.max.ms = 1000
	controller.quorum.election.timeout.ms = 1000
	controller.quorum.fetch.timeout.ms = 2000
	controller.quorum.request.timeout.ms = 2000
	controller.quorum.retry.backoff.ms = 20
	controller.quorum.voters = []
	controller.quota.window.num = 11
	controller.quota.window.size.seconds = 1
	controller.socket.timeout.ms = 30000
	create.topic.policy.class.name = null
	default.replication.factor = 1
	delegation.token.expiry.check.interval.ms = 3600000
	delegation.token.expiry.time.ms = 86400000
	delegation.token.master.key = null
	delegation.token.max.lifetime.ms = 604800000
	delegation.token.secret.key = null
	delete.records.purgatory.purge.interval.requests = 1
	delete.topic.enable = true
	fetch.max.bytes = 57671680
	fetch.purgatory.purge.interval.requests = 1000
	group.initial.rebalance.delay.ms = 0
	group.max.session.timeout.ms = 1800000
	group.max.size = 2147483647
	group.min.session.timeout.ms = 6000
	initial.broker.registration.timeout.ms = 60000
	inter.broker.listener.name = null
	inter.broker.protocol.version = 3.1-IV0
	kafka.metrics.polling.interval.secs = 10
	kafka.metrics.reporters = []
	leader.imbalance.check.interval.seconds = 300
	leader.imbalance.per.broker.percentage = 10
	listener.security.protocol.map = PLAINTEXT:PLAINTEXT,SSL:SSL,SASL_PLAINTEXT:SASL_PLAINTEXT,SASL_SSL:SASL_SSL
	listeners = PLAINTEXT://localhost:9094
	log.cleaner.backoff.ms = 15000
	log.cleaner.dedupe.buffer.size = 134217728
	log.cleaner.delete.retention.ms = 86400000
	log.cleaner.enable = true
	log.cleaner.io.buffer.load.factor = 0.9
	log.cleaner.io.buffer.size = 524288
	log.cleaner.io.max.bytes.per.second = 1.7976931348623157E308
	log.cleaner.max.compaction.lag.ms = 9223372036854775807
	log.cleaner.min.cleanable.ratio = 0.5
	log.cleaner.min.compaction.lag.ms = 0
	log.cleaner.threads = 1
	log.cleanup.policy = [delete]
	log.dir = /tmp/kafka-logs
	log.dirs = /tmp/kafka-logs-3
	log.flush.interval.messages = 9223372036854775807
	log.flush.interval.ms = null
	log.flush.offset.checkpoint.interval.ms = 60000
	log.flush.scheduler.interval.ms = 9223372036854775807
	log.flush.start.offset.checkpoint.interval.ms = 60000
	log.index.interval.bytes = 4096
	log.index.size.max.bytes = 10485760
	log.message.downconversion.enable = true
	log.message.format.version = 3.0-IV1
	log.message.timestamp.difference.max.ms = 9223372036854775807
	log.message.timestamp.type = CreateTime
	log.preallocate = false
	log.retention.bytes = -1
	log.retention.check.interval.ms = 300000
	log.retention.hours = 168
	log.retention.minutes = null
	log.retention.ms = null
	log.roll.hours = 168
	log.roll.jitter.hours = 0
	log.roll.jitter.ms = null
	log.roll.ms = null
	log.segment.bytes = 1073741824
	log.segment.delete.delay.ms = 60000
	max.connection.creation.rate = 2147483647
	max.connections = 2147483647
	max.connections.per.ip = 2147483647
	max.connections.per.ip.overrides = 
	max.incremental.fetch.session.cache.slots = 1000
	message.max.bytes = 1048588
	metadata.log.dir = null
	metadata.log.max.record.bytes.between.snapshots = 20971520
	metadata.log.segment.bytes = 1073741824
	metadata.log.segment.min.bytes = 8388608
	metadata.log.segment.ms = 604800000
	metadata.max.retention.bytes = -1
	metadata.max.retention.ms = 604800000
	metric.reporters = []
	metrics.num.samples = 2
	metrics.recording.level = INFO
	metrics.sample.window.ms = 30000
	min.insync.replicas = 1
	node.id = 2
	num.io.threads = 8
	num.network.threads = 3
	num.partitions = 1
	num.recovery.threads.per.data.dir = 1
	num.replica.alter.log.dirs.threads = null
	num.replica.fetchers = 1
	offset.metadata.max.bytes = 4096
	offsets.commit.required.acks = -1
	offsets.commit.timeout.ms = 5000
	offsets.load.buffer.size = 5242880
	offsets.retention.check.interval.ms = 600000
	offsets.retention.minutes = 10080
	offsets.topic.compression.codec = 0
	offsets.topic.num.partitions = 50
	offsets.topic.replication.factor = 1
	offsets.topic.segment.bytes = 104857600
	password.encoder.cipher.algorithm = AES/CBC/PKCS5Padding
	password.encoder.iterations = 4096
	password.encoder.key.length = 128
	password.encoder.keyfactory.algorithm = null
	password.encoder.old.secret = null
	password.encoder.secret = null
	principal.builder.class = class org.apache.kafka.common.security.authenticator.DefaultKafkaPrincipalBuilder
	process.roles = []
	producer.purgatory.purge.interval.requests = 1000
	queued.max.request.bytes = -1
	queued.max.requests = 500
	quota.window.num = 11
	quota.window.size.seconds = 1
	remote.log.index.file.cache.total.size.bytes = 1073741824
	remote.log.manager.task.interval.ms = 30000
	remote.log.manager.task.retry.backoff.max.ms = 30000
	remote.log.manager.task.retry.backoff.ms = 500
	remote.log.manager.task.retry.jitter = 0.2
	remote.log.manager.thread.pool.size = 10
	remote.log.metadata.manager.class.name = null
	remote.log.metadata.manager.class.path = null
	remote.log.metadata.manager.impl.prefix = null
	remote.log.metadata.manager.listener.name = null
	remote.log.reader.max.pending.tasks = 100
	remote.log.reader.threads = 10
	remote.log.storage.manager.class.name = null
	remote.log.storage.manager.class.path = null
	remote.log.storage.manager.impl.prefix = null
	remote.log.storage.system.enable = false
	replica.fetch.backoff.ms = 1000
	replica.fetch.max.bytes = 1048576
	replica.fetch.min.bytes = 1
	replica.fetch.response.max.bytes = 10485760
	replica.fetch.wait.max.ms = 500
	replica.high.watermark.checkpoint.interval.ms = 5000
	replica.lag.time.max.ms = 30000
	replica.selector.class = null
	replica.socket.receive.buffer.bytes = 65536
	replica.socket.timeout.ms = 30000
	replication.quota.window.num = 11
	replication.quota.window.size.seconds = 1
	request.timeout.ms = 30000
	reserved.broker.max.id = 1000
	sasl.client.callback.handler.class = null
	sasl.enabled.mechanisms = [GSSAPI]
	sasl.jaas.config = null
	sasl.kerberos.kinit.cmd = /usr/bin/kinit
	sasl.kerberos.min.time.before.relogin = 60000
	sasl.kerberos.principal.to.local.rules = [DEFAULT]
	sasl.kerberos.service.name = null
	sasl.kerberos.ticket.renew.jitter = 0.05
	sasl.kerberos.ticket.renew.window.factor = 0.8
	sasl.login.callback.handler.class = null
	sasl.login.class = null
	sasl.login.connect.timeout.ms = null
	sasl.login.read.timeout.ms = null
	sasl.login.refresh.buffer.seconds = 300
	sasl.login.refresh.min.period.seconds = 60
	sasl.login.refresh.window.factor = 0.8
	sasl.login.refresh.window.jitter = 0.05
	sasl.login.retry.backoff.max.ms = 10000
	sasl.login.retry.backoff.ms = 100
	sasl.mechanism.controller.protocol = GSSAPI
	sasl.mechanism.inter.broker.protocol = GSSAPI
	sasl.oauthbearer.clock.skew.seconds = 30
	sasl.oauthbearer.expected.audience = null
	sasl.oauthbearer.expected.issuer = null
	sasl.oauthbearer.jwks.endpoint.refresh.ms = 3600000
	sasl.oauthbearer.jwks.endpoint.url = null
	sasl.oauthbearer.scope.claim.name = scope
	sasl.oauthbearer.sub.claim.name = sub
	sasl.oauthbearer.token.endpoint.url = null
	sasl.server.callback.handler.class = null
	security.inter.broker.protocol = PLAINTEXT
	security.providers = null
	socket.connection.setup.timeout.max.ms = 3000000
	socket.connection.setup.timeout.ms = 1000000
	socket.receive.buffer.bytes = 102400
	socket.request.max.bytes = 104857600
	socket.send.buffer.bytes = 102400
	ssl.cipher.suites = []
	ssl.client.auth = none
	ssl.enabled.protocols = [TLSv1.2, TLSv1.3]
	ssl.endpoint.identification.algorithm = https
	ssl.engine.factory.class = null
	ssl.key.password = null
	ssl.keymanager.algorithm = SunX509
	ssl.keystore.certificate.chain = null
	ssl.keystore.key = null
	ssl.keystore.location = null
	ssl.keystore.password = null
	ssl.keystore.type = JKS
	ssl.principal.mapping.rules = DEFAULT
	ssl.protocol = TLSv1.3
	ssl.provider = null
	ssl.secure.random.implementation = null
	ssl.trustmanager.algorithm = PKIX
	ssl.truststore.certificates = null
	ssl.truststore.location = null
	ssl.truststore.password = null
	ssl.truststore.type = JKS
	transaction.abort.timed.out.transaction.cleanup.interval.ms = 10000
	transaction.max.timeout.ms = 900000
	transaction.remove.expired.transaction.cleanup.interval.ms = 3600000
	transaction.state.log.load.buffer.size = 5242880
	transaction.state.log.min.isr = 1
	transaction.state.log.num.partitions = 50
	transaction.state.log.replication.factor = 1
	transaction.state.log.segment.bytes = 104857600
	transactional.id.expiration.ms = 604800000
	unclean.leader.election.enable = false
	zookeeper.clientCnxnSocket = null
	zookeeper.connect = localhost:2181
	zookeeper.connection.timeout.ms = 18000
	zookeeper.max.in.flight.requests = 10
	zookeeper.session.timeout.ms = 18000
	zookeeper.set.acl = false
	zookeeper.ssl.cipher.suites = null
	zookeeper.ssl.client.enable = false
	zookeeper.ssl.crl.enable = false
	zookeeper.ssl.enabled.protocols = null
	zookeeper.ssl.endpoint.identification.algorithm = HTTPS
	zookeeper.ssl.keystore.location = null
	zookeeper.ssl.keystore.password = null
	zookeeper.ssl.keystore.type = null
	zookeeper.ssl.ocsp.enable = false
	zookeeper.ssl.protocol = TLSv1.2
	zookeeper.ssl.truststore.location = null
	zookeeper.ssl.truststore.password = null
	zookeeper.ssl.truststore.type = null
	zookeeper.sync.time.ms = 2000
 (kafka.server.KafkaConfig)
[2022-04-18 10:23:52,757] INFO [ThrottledChannelReaper-Fetch]: Starting (kafka.server.ClientQuotaManager$ThrottledChannelReaper)
[2022-04-18 10:23:52,758] INFO [ThrottledChannelReaper-Produce]: Starting (kafka.server.ClientQuotaManager$ThrottledChannelReaper)
[2022-04-18 10:23:52,760] INFO [ThrottledChannelReaper-Request]: Starting (kafka.server.ClientQuotaManager$ThrottledChannelReaper)
[2022-04-18 10:23:52,761] INFO [ThrottledChannelReaper-ControllerMutation]: Starting (kafka.server.ClientQuotaManager$ThrottledChannelReaper)
[2022-04-18 10:23:52,793] INFO Log directory /tmp/kafka-logs-3 not found, creating it. (kafka.log.LogManager)
[2022-04-18 10:23:52,838] INFO Loading logs from log dirs ArraySeq(/tmp/kafka-logs-3) (kafka.log.LogManager)
[2022-04-18 10:23:52,846] INFO Attempting recovery for all logs in /tmp/kafka-logs-3 since no clean shutdown file was found (kafka.log.LogManager)
[2022-04-18 10:23:52,857] INFO Loaded 0 logs in 19ms. (kafka.log.LogManager)
[2022-04-18 10:23:52,858] INFO Starting log cleanup with a period of 300000 ms. (kafka.log.LogManager)
[2022-04-18 10:23:52,864] INFO Starting log flusher with a default period of 9223372036854775807 ms. (kafka.log.LogManager)
[2022-04-18 10:23:53,192] INFO [BrokerToControllerChannelManager broker=2 name=forwarding]: Starting (kafka.server.BrokerToControllerRequestThread)
[2022-04-18 10:23:53,236] INFO Feature ZK node created at path: /feature (kafka.server.FinalizedFeatureChangeListener)
[2022-04-18 10:23:53,308] INFO Updated cache from existing <empty> to latest FinalizedFeaturesAndEpoch(features=Features{}, epoch=0). (kafka.server.FinalizedFeatureCache)
[2022-04-18 10:23:53,645] INFO Updated connection-accept-rate max connection creation rate to 2147483647 (kafka.network.ConnectionQuotas)
[2022-04-18 10:23:53,650] INFO Awaiting socket connections on localhost:9094. (kafka.network.Acceptor)
[2022-04-18 10:23:53,698] INFO [SocketServer listenerType=ZK_BROKER, nodeId=2] Created data-plane acceptor and processors for endpoint : ListenerName(PLAINTEXT) (kafka.network.SocketServer)
[2022-04-18 10:23:53,708] INFO [BrokerToControllerChannelManager broker=2 name=alterIsr]: Starting (kafka.server.BrokerToControllerRequestThread)
[2022-04-18 10:23:53,723] INFO [ExpirationReaper-2-Produce]: Starting (kafka.server.DelayedOperationPurgatory$ExpiredOperationReaper)
[2022-04-18 10:23:53,726] INFO [ExpirationReaper-2-Fetch]: Starting (kafka.server.DelayedOperationPurgatory$ExpiredOperationReaper)
[2022-04-18 10:23:53,731] INFO [ExpirationReaper-2-DeleteRecords]: Starting (kafka.server.DelayedOperationPurgatory$ExpiredOperationReaper)
[2022-04-18 10:23:53,732] INFO [ExpirationReaper-2-ElectLeader]: Starting (kafka.server.DelayedOperationPurgatory$ExpiredOperationReaper)
[2022-04-18 10:23:53,751] INFO [LogDirFailureHandler]: Starting (kafka.server.ReplicaManager$LogDirFailureHandler)
[2022-04-18 10:23:53,861] INFO Creating /brokers/ids/2 (is it secure? false) (kafka.zk.KafkaZkClient)
[2022-04-18 10:23:53,898] INFO Stat of the created znode at /brokers/ids/2 is: 45,45,1650295433875,1650295433875,1,0,0,72069254616645633,202,0,45
 (kafka.zk.KafkaZkClient)
[2022-04-18 10:23:53,901] INFO Registered broker 2 at path /brokers/ids/2 with addresses: PLAINTEXT://localhost:9094, czxid (broker epoch): 45 (kafka.zk.KafkaZkClient)
[2022-04-18 10:23:53,989] INFO [ExpirationReaper-2-topic]: Starting (kafka.server.DelayedOperationPurgatory$ExpiredOperationReaper)
[2022-04-18 10:23:53,994] INFO [ExpirationReaper-2-Heartbeat]: Starting (kafka.server.DelayedOperationPurgatory$ExpiredOperationReaper)
[2022-04-18 10:23:53,994] INFO [ExpirationReaper-2-Rebalance]: Starting (kafka.server.DelayedOperationPurgatory$ExpiredOperationReaper)
[2022-04-18 10:23:54,009] INFO [GroupCoordinator 2]: Starting up. (kafka.coordinator.group.GroupCoordinator)
[2022-04-18 10:23:54,014] INFO [GroupCoordinator 2]: Startup complete. (kafka.coordinator.group.GroupCoordinator)
[2022-04-18 10:23:54,029] INFO [TransactionCoordinator id=2] Starting up. (kafka.coordinator.transaction.TransactionCoordinator)
[2022-04-18 10:23:54,033] INFO [Transaction Marker Channel Manager 2]: Starting (kafka.coordinator.transaction.TransactionMarkerChannelManager)
[2022-04-18 10:23:54,033] INFO [TransactionCoordinator id=2] Startup complete. (kafka.coordinator.transaction.TransactionCoordinator)
[2022-04-18 10:23:54,052] INFO [ExpirationReaper-2-AlterAcls]: Starting (kafka.server.DelayedOperationPurgatory$ExpiredOperationReaper)
[2022-04-18 10:23:54,066] INFO [/config/changes-event-process-thread]: Starting (kafka.common.ZkNodeChangeNotificationListener$ChangeEventProcessThread)
[2022-04-18 10:23:54,088] INFO [SocketServer listenerType=ZK_BROKER, nodeId=2] Starting socket server acceptors and processors (kafka.network.SocketServer)
[2022-04-18 10:23:54,091] INFO [SocketServer listenerType=ZK_BROKER, nodeId=2] Started data-plane acceptor and processor(s) for endpoint : ListenerName(PLAINTEXT) (kafka.network.SocketServer)
[2022-04-18 10:23:54,091] INFO [SocketServer listenerType=ZK_BROKER, nodeId=2] Started socket server acceptors and processors (kafka.network.SocketServer)
[2022-04-18 10:23:54,110] INFO Kafka version: 3.2.0-SNAPSHOT (org.apache.kafka.common.utils.AppInfoParser)
[2022-04-18 10:23:54,111] INFO Kafka commitId: e7e93ad12de4bc47 (org.apache.kafka.common.utils.AppInfoParser)
[2022-04-18 10:23:54,111] INFO Kafka startTimeMs: 1650295434092 (org.apache.kafka.common.utils.AppInfoParser)
[2022-04-18 10:23:54,128] INFO [KafkaServer id=2] started (kafka.server.KafkaServer)
[2022-04-18 10:23:54,246] INFO [BrokerToControllerChannelManager broker=2 name=forwarding]: Recorded new controller, from now on will use broker localhost:9092 (id: 0 rack: null) (kafka.server.BrokerToControllerRequestThread)
[2022-04-18 10:23:54,319] INFO [BrokerToControllerChannelManager broker=2 name=alterIsr]: Recorded new controller, from now on will use broker localhost:9092 (id: 0 rack: null) (kafka.server.BrokerToControllerRequestThread)
[2022-04-18 10:23:57,408] INFO [ReplicaFetcherManager on broker 2] Removed fetcher for partitions Set(test3-3, test3-0, test3-6, test3-9) (kafka.server.ReplicaFetcherManager)
[2022-04-18 10:23:57,551] INFO [LogLoader partition=test3-3, dir=/tmp/kafka-logs-3] Loading producer state till offset 0 with message format version 2 (kafka.log.UnifiedLog$)
[2022-04-18 10:23:57,585] INFO Created log for partition test3-3 in /tmp/kafka-logs-3/test3-3 with properties {} (kafka.log.LogManager)
[2022-04-18 10:23:57,589] INFO [Partition test3-3 broker=2] No checkpointed highwatermark is found for partition test3-3 (kafka.cluster.Partition)
[2022-04-18 10:23:57,608] INFO [Partition test3-3 broker=2] Log loaded for partition test3-3 with initial high watermark 0 (kafka.cluster.Partition)
[2022-04-18 10:23:57,612] INFO [Partition test3-3 broker=2]  stateChangeLogger Leader test3-3 starts at leader epoch 0 from offset 0 with high watermark 0 ISR [2,0,1] addingReplicas [] removingReplicas []. Previous leader epoch was -1. (kafka.cluster.Partition)
[2022-04-18 10:23:57,707] INFO [LogLoader partition=test3-0, dir=/tmp/kafka-logs-3] Loading producer state till offset 0 with message format version 2 (kafka.log.UnifiedLog$)
[2022-04-18 10:23:57,711] INFO Created log for partition test3-0 in /tmp/kafka-logs-3/test3-0 with properties {} (kafka.log.LogManager)
[2022-04-18 10:23:57,726] INFO [Partition test3-0 broker=2] No checkpointed highwatermark is found for partition test3-0 (kafka.cluster.Partition)
[2022-04-18 10:23:57,726] INFO [Partition test3-0 broker=2] Log loaded for partition test3-0 with initial high watermark 0 (kafka.cluster.Partition)
[2022-04-18 10:23:57,727] INFO [Partition test3-0 broker=2]  stateChangeLogger Leader test3-0 starts at leader epoch 0 from offset 0 with high watermark 0 ISR [2,1,0] addingReplicas [] removingReplicas []. Previous leader epoch was -1. (kafka.cluster.Partition)
[2022-04-18 10:23:57,838] INFO [LogLoader partition=test3-6, dir=/tmp/kafka-logs-3] Loading producer state till offset 0 with message format version 2 (kafka.log.UnifiedLog$)
[2022-04-18 10:23:57,842] INFO Created log for partition test3-6 in /tmp/kafka-logs-3/test3-6 with properties {} (kafka.log.LogManager)
[2022-04-18 10:23:57,860] INFO [Partition test3-6 broker=2] No checkpointed highwatermark is found for partition test3-6 (kafka.cluster.Partition)
[2022-04-18 10:23:57,861] INFO [Partition test3-6 broker=2] Log loaded for partition test3-6 with initial high watermark 0 (kafka.cluster.Partition)
[2022-04-18 10:23:57,861] INFO [Partition test3-6 broker=2]  stateChangeLogger Leader test3-6 starts at leader epoch 0 from offset 0 with high watermark 0 ISR [2,1,0] addingReplicas [] removingReplicas []. Previous leader epoch was -1. (kafka.cluster.Partition)
[2022-04-18 10:23:57,948] INFO [LogLoader partition=test3-9, dir=/tmp/kafka-logs-3] Loading producer state till offset 0 with message format version 2 (kafka.log.UnifiedLog$)
[2022-04-18 10:23:57,949] INFO Created log for partition test3-9 in /tmp/kafka-logs-3/test3-9 with properties {} (kafka.log.LogManager)
[2022-04-18 10:23:57,950] INFO [Partition test3-9 broker=2] No checkpointed highwatermark is found for partition test3-9 (kafka.cluster.Partition)
[2022-04-18 10:23:57,950] INFO [Partition test3-9 broker=2] Log loaded for partition test3-9 with initial high watermark 0 (kafka.cluster.Partition)
[2022-04-18 10:23:57,950] INFO [Partition test3-9 broker=2]  stateChangeLogger Leader test3-9 starts at leader epoch 0 from offset 0 with high watermark 0 ISR [2,0,1] addingReplicas [] removingReplicas []. Previous leader epoch was -1. (kafka.cluster.Partition)
[2022-04-18 10:23:58,044] INFO [LogLoader partition=test3-2, dir=/tmp/kafka-logs-3] Loading producer state till offset 0 with message format version 2 (kafka.log.UnifiedLog$)
[2022-04-18 10:23:58,049] INFO Created log for partition test3-2 in /tmp/kafka-logs-3/test3-2 with properties {} (kafka.log.LogManager)
[2022-04-18 10:23:58,067] INFO [Partition test3-2 broker=2] No checkpointed highwatermark is found for partition test3-2 (kafka.cluster.Partition)
[2022-04-18 10:23:58,084] INFO [Partition test3-2 broker=2] Log loaded for partition test3-2 with initial high watermark 0 (kafka.cluster.Partition)
[2022-04-18 10:23:58,113] INFO [LogLoader partition=test3-1, dir=/tmp/kafka-logs-3] Loading producer state till offset 0 with message format version 2 (kafka.log.UnifiedLog$)
[2022-04-18 10:23:58,115] INFO Created log for partition test3-1 in /tmp/kafka-logs-3/test3-1 with properties {} (kafka.log.LogManager)
[2022-04-18 10:23:58,132] INFO [Partition test3-1 broker=2] No checkpointed highwatermark is found for partition test3-1 (kafka.cluster.Partition)
[2022-04-18 10:23:58,149] INFO [Partition test3-1 broker=2] Log loaded for partition test3-1 with initial high watermark 0 (kafka.cluster.Partition)
[2022-04-18 10:23:58,171] INFO [LogLoader partition=test3-7, dir=/tmp/kafka-logs-3] Loading producer state till offset 0 with message format version 2 (kafka.log.UnifiedLog$)
[2022-04-18 10:23:58,172] INFO Created log for partition test3-7 in /tmp/kafka-logs-3/test3-7 with properties {} (kafka.log.LogManager)
[2022-04-18 10:23:58,172] INFO [Partition test3-7 broker=2] No checkpointed highwatermark is found for partition test3-7 (kafka.cluster.Partition)
[2022-04-18 10:23:58,172] INFO [Partition test3-7 broker=2] Log loaded for partition test3-7 with initial high watermark 0 (kafka.cluster.Partition)
[2022-04-18 10:23:58,214] INFO [LogLoader partition=test3-4, dir=/tmp/kafka-logs-3] Loading producer state till offset 0 with message format version 2 (kafka.log.UnifiedLog$)
[2022-04-18 10:23:58,234] INFO Created log for partition test3-4 in /tmp/kafka-logs-3/test3-4 with properties {} (kafka.log.LogManager)
[2022-04-18 10:23:58,251] INFO [Partition test3-4 broker=2] No checkpointed highwatermark is found for partition test3-4 (kafka.cluster.Partition)
[2022-04-18 10:23:58,251] INFO [Partition test3-4 broker=2] Log loaded for partition test3-4 with initial high watermark 0 (kafka.cluster.Partition)
[2022-04-18 10:23:58,301] INFO [LogLoader partition=test3-5, dir=/tmp/kafka-logs-3] Loading producer state till offset 0 with message format version 2 (kafka.log.UnifiedLog$)
[2022-04-18 10:23:58,306] INFO Created log for partition test3-5 in /tmp/kafka-logs-3/test3-5 with properties {} (kafka.log.LogManager)
[2022-04-18 10:23:58,313] ERROR [KafkaApi-2] Unexpected error handling request RequestHeader(apiKey=FETCH, apiVersion=13, clientId=broker-0-fetcher-0, correlationId=0) -- FetchRequestData(isOrderOnly=true, clusterId=null, replicaId=0, maxWaitMs=500, minBytes=1, maxBytes=10485760, isolationLevel=0, sessionId=0, sessionEpoch=0, topics=[FetchTopic(topic='', topicId=RtZPK0VoSuexx2E0V6Vmgw, partitions=[FetchPartition(partition=0, currentLeaderEpoch=0, fetchOffset=0, lastFetchedEpoch=-1, logStartOffset=0, partitionMaxBytes=1048576), FetchPartition(partition=9, currentLeaderEpoch=0, fetchOffset=0, lastFetchedEpoch=-1, logStartOffset=0, partitionMaxBytes=1048576), FetchPartition(partition=3, currentLeaderEpoch=0, fetchOffset=0, lastFetchedEpoch=-1, logStartOffset=0, partitionMaxBytes=1048576), FetchPartition(partition=6, currentLeaderEpoch=0, fetchOffset=0, lastFetchedEpoch=-1, logStartOffset=0, partitionMaxBytes=1048576)])], forgottenTopicsData=[], rackId='') with context RequestContext(header=RequestHeader(apiKey=FETCH, apiVersion=13, clientId=broker-0-fetcher-0, correlationId=0), connectionId='127.0.0.1:9094-127.0.0.1:51351-0', clientAddress=/127.0.0.1, principal=User:ANONYMOUS, listenerName=ListenerName(PLAINTEXT), securityProtocol=PLAINTEXT, clientInformation=ClientInformation(softwareName=unknown, softwareVersion=unknown), fromPrivilegedListener=true, principalSerde=Optional[org.apache.kafka.common.security.authenticator.DefaultKafkaPrincipalBuilder@7de7694e]) (kafka.server.KafkaApis)
org.apache.kafka.common.errors.UnknownTopicIdException: Topic Id RtZPK0VoSuexx2E0V6Vmgw in FetchRequest was unknown to the server
[2022-04-18 10:23:58,320] INFO [Partition test3-5 broker=2] No checkpointed highwatermark is found for partition test3-5 (kafka.cluster.Partition)
[2022-04-18 10:23:58,340] INFO [Partition test3-5 broker=2] Log loaded for partition test3-5 with initial high watermark 0 (kafka.cluster.Partition)
[2022-04-18 10:23:58,357] INFO [LogLoader partition=test3-8, dir=/tmp/kafka-logs-3] Loading producer state till offset 0 with message format version 2 (kafka.log.UnifiedLog$)
[2022-04-18 10:23:58,359] INFO Created log for partition test3-8 in /tmp/kafka-logs-3/test3-8 with properties {} (kafka.log.LogManager)
[2022-04-18 10:23:58,359] INFO [Partition test3-8 broker=2] No checkpointed highwatermark is found for partition test3-8 (kafka.cluster.Partition)
[2022-04-18 10:23:58,359] INFO [Partition test3-8 broker=2] Log loaded for partition test3-8 with initial high watermark 0 (kafka.cluster.Partition)
[2022-04-18 10:23:58,362] INFO [ReplicaFetcherManager on broker 2] Removed fetcher for partitions HashSet(test3-2, test3-1, test3-8, test3-7, test3-4, test3-5) (kafka.server.ReplicaFetcherManager)
[2022-04-18 10:23:58,412] INFO [ReplicaFetcher replicaId=2, leaderId=0, fetcherId=0] Starting (kafka.server.ReplicaFetcherThread)
[2022-04-18 10:23:58,421] INFO [ReplicaFetcherManager on broker 2] Added fetcher to broker 0 for partitions HashMap(test3-2 -> InitialFetchState(Some(RtZPK0VoSuexx2E0V6Vmgw),BrokerEndPoint(id=0, host=localhost:9092),0,0), test3-5 -> InitialFetchState(Some(RtZPK0VoSuexx2E0V6Vmgw),BrokerEndPoint(id=0, host=localhost:9092),0,0), test3-8 -> InitialFetchState(Some(RtZPK0VoSuexx2E0V6Vmgw),BrokerEndPoint(id=0, host=localhost:9092),0,0)) (kafka.server.ReplicaFetcherManager)
[2022-04-18 10:23:58,424] INFO [ReplicaFetcher replicaId=2, leaderId=0, fetcherId=0] Truncating partition test3-2 with TruncationState(offset=0, completed=true) due to local high watermark 0 (kafka.server.ReplicaFetcherThread)
[2022-04-18 10:23:58,436] INFO [ReplicaFetcher replicaId=2, leaderId=1, fetcherId=0] Starting (kafka.server.ReplicaFetcherThread)
[2022-04-18 10:23:58,436] INFO [ReplicaFetcher replicaId=2, leaderId=1, fetcherId=0] Truncating partition test3-1 with TruncationState(offset=0, completed=true) due to local high watermark 0 (kafka.server.ReplicaFetcherThread)
[2022-04-18 10:23:58,436] INFO [ReplicaFetcherManager on broker 2] Added fetcher to broker 1 for partitions HashMap(test3-7 -> InitialFetchState(Some(RtZPK0VoSuexx2E0V6Vmgw),BrokerEndPoint(id=1, host=localhost:9093),0,0), test3-1 -> InitialFetchState(Some(RtZPK0VoSuexx2E0V6Vmgw),BrokerEndPoint(id=1, host=localhost:9093),0,0), test3-4 -> InitialFetchState(Some(RtZPK0VoSuexx2E0V6Vmgw),BrokerEndPoint(id=1, host=localhost:9093),0,0)) (kafka.server.ReplicaFetcherManager)
[2022-04-18 10:23:58,437] INFO [UnifiedLog partition=test3-2, dir=/tmp/kafka-logs-3] Truncating to 0 has no effect as the largest offset in the log is -1 (kafka.log.UnifiedLog)
[2022-04-18 10:23:58,438] INFO [UnifiedLog partition=test3-1, dir=/tmp/kafka-logs-3] Truncating to 0 has no effect as the largest offset in the log is -1 (kafka.log.UnifiedLog)
[2022-04-18 10:23:58,439] INFO [ReplicaFetcher replicaId=2, leaderId=0, fetcherId=0] Truncating partition test3-8 with TruncationState(offset=0, completed=true) due to local high watermark 0 (kafka.server.ReplicaFetcherThread)
[2022-04-18 10:23:58,439] INFO [ReplicaFetcher replicaId=2, leaderId=1, fetcherId=0] Truncating partition test3-7 with TruncationState(offset=0, completed=true) due to local high watermark 0 (kafka.server.ReplicaFetcherThread)
[2022-04-18 10:23:58,440] INFO [UnifiedLog partition=test3-7, dir=/tmp/kafka-logs-3] Truncating to 0 has no effect as the largest offset in the log is -1 (kafka.log.UnifiedLog)
[2022-04-18 10:23:58,440] INFO [UnifiedLog partition=test3-8, dir=/tmp/kafka-logs-3] Truncating to 0 has no effect as the largest offset in the log is -1 (kafka.log.UnifiedLog)
[2022-04-18 10:23:58,440] INFO [ReplicaFetcher replicaId=2, leaderId=0, fetcherId=0] Truncating partition test3-5 with TruncationState(offset=0, completed=true) due to local high watermark 0 (kafka.server.ReplicaFetcherThread)
[2022-04-18 10:23:58,440] INFO [UnifiedLog partition=test3-5, dir=/tmp/kafka-logs-3] Truncating to 0 has no effect as the largest offset in the log is -1 (kafka.log.UnifiedLog)
[2022-04-18 10:23:58,440] INFO [ReplicaFetcher replicaId=2, leaderId=1, fetcherId=0] Truncating partition test3-4 with TruncationState(offset=0, completed=true) due to local high watermark 0 (kafka.server.ReplicaFetcherThread)
[2022-04-18 10:23:58,441] INFO [UnifiedLog partition=test3-4, dir=/tmp/kafka-logs-3] Truncating to 0 has no effect as the largest offset in the log is -1 (kafka.log.UnifiedLog)
[2022-04-18 10:23:58,542] INFO [ReplicaFetcher replicaId=2, leaderId=1, fetcherId=0] Node 1 was unable to process the fetch request with (sessionId=INVALID, epoch=INITIAL): UNKNOWN_TOPIC_ID. (org.apache.kafka.clients.FetchSessionHandler)
[2022-04-18 10:23:58,554] WARN [ReplicaFetcher replicaId=2, leaderId=1, fetcherId=0] Error in response for fetch request (type=FetchRequest, replicaId=2, maxWait=500, minBytes=1, maxBytes=10485760, fetchData={test3-1=PartitionData(fetchOffset=0, logStartOffset=0, maxBytes=1048576, currentLeaderEpoch=Optional[0], lastFetchedEpoch=Optional.empty), test3-7=PartitionData(fetchOffset=0, logStartOffset=0, maxBytes=1048576, currentLeaderEpoch=Optional[0], lastFetchedEpoch=Optional.empty), test3-4=PartitionData(fetchOffset=0, logStartOffset=0, maxBytes=1048576, currentLeaderEpoch=Optional[0], lastFetchedEpoch=Optional.empty)}, isolationLevel=READ_UNCOMMITTED, toForget=, metadata=(sessionId=INVALID, epoch=INITIAL), rackId=) (kafka.server.ReplicaFetcherThread)
org.apache.kafka.common.errors.UnknownTopicIdException: This server does not host this topic ID.
[2022-04-18 10:24:10,503] ERROR [ReplicaManager broker=2] Error processing append operation on partition test3-3 (kafka.server.ReplicaManager)
org.apache.kafka.common.errors.OutOfOrderSequenceException: Out of order sequence number for producer 0 at offset 15 in partition test3-3: 60 (incoming seq. number), 14 (current end sequence number)
